2023-12-11T09:38:20,997 - CPUUtilization.Percent:100.0|#Level:Host|#hostname:DESKTOP-M930GPA,timestamp:1702283900
2023-12-11T09:38:21,000 - DiskAvailable.Gigabytes:887.3779602050781|#Level:Host|#hostname:DESKTOP-M930GPA,timestamp:1702283901
2023-12-11T09:38:21,001 - DiskUsage.Gigabytes:68.26034927368164|#Level:Host|#hostname:DESKTOP-M930GPA,timestamp:1702283901
2023-12-11T09:38:21,001 - DiskUtilization.Percent:7.1|#Level:Host|#hostname:DESKTOP-M930GPA,timestamp:1702283901
2023-12-11T09:38:21,002 - MemoryAvailable.Megabytes:3844.30859375|#Level:Host|#hostname:DESKTOP-M930GPA,timestamp:1702283901
2023-12-11T09:38:21,002 - MemoryUsed.Megabytes:3561.28515625|#Level:Host|#hostname:DESKTOP-M930GPA,timestamp:1702283901
2023-12-11T09:38:21,002 - MemoryUtilization.Percent:49.7|#Level:Host|#hostname:DESKTOP-M930GPA,timestamp:1702283901
2023-12-11T09:38:28,256 - WorkerLoadTime.Milliseconds:11070.0|#WorkerName:W-9007-CassavaModel_1.0,Level:Host|#hostname:DESKTOP-M930GPA,timestamp:1702283908
2023-12-11T09:38:28,258 - WorkerThreadTime.Milliseconds:79.0|#Level:Host|#hostname:DESKTOP-M930GPA,timestamp:1702283908
2023-12-11T09:38:28,256 - WorkerLoadTime.Milliseconds:11069.0|#WorkerName:W-9009-CassavaModel_1.0,Level:Host|#hostname:DESKTOP-M930GPA,timestamp:1702283908
2023-12-11T09:38:28,259 - WorkerThreadTime.Milliseconds:246.0|#Level:Host|#hostname:DESKTOP-M930GPA,timestamp:1702283908
2023-12-11T09:38:28,775 - WorkerLoadTime.Milliseconds:11581.0|#WorkerName:W-9015-CassavaModel_1.0,Level:Host|#hostname:DESKTOP-M930GPA,timestamp:1702283908
2023-12-11T09:38:28,776 - WorkerThreadTime.Milliseconds:230.0|#Level:Host|#hostname:DESKTOP-M930GPA,timestamp:1702283908
2023-12-11T09:38:28,821 - WorkerLoadTime.Milliseconds:11637.0|#WorkerName:W-9003-CassavaModel_1.0,Level:Host|#hostname:DESKTOP-M930GPA,timestamp:1702283908
2023-12-11T09:38:28,822 - WorkerThreadTime.Milliseconds:301.0|#Level:Host|#hostname:DESKTOP-M930GPA,timestamp:1702283908
2023-12-11T09:38:28,847 - WorkerLoadTime.Milliseconds:11655.0|#WorkerName:W-9014-CassavaModel_1.0,Level:Host|#hostname:DESKTOP-M930GPA,timestamp:1702283908
2023-12-11T09:38:28,848 - WorkerThreadTime.Milliseconds:152.0|#Level:Host|#hostname:DESKTOP-M930GPA,timestamp:1702283908
2023-12-11T09:38:28,886 - WorkerLoadTime.Milliseconds:11727.0|#WorkerName:W-9000-CassavaModel_1.0,Level:Host|#hostname:DESKTOP-M930GPA,timestamp:1702283908
2023-12-11T09:38:28,887 - WorkerThreadTime.Milliseconds:132.0|#Level:Host|#hostname:DESKTOP-M930GPA,timestamp:1702283908
2023-12-11T09:38:29,078 - WorkerLoadTime.Milliseconds:11892.0|#WorkerName:W-9008-CassavaModel_1.0,Level:Host|#hostname:DESKTOP-M930GPA,timestamp:1702283909
2023-12-11T09:38:29,079 - WorkerThreadTime.Milliseconds:64.0|#Level:Host|#hostname:DESKTOP-M930GPA,timestamp:1702283909
2023-12-11T09:38:29,130 - WorkerLoadTime.Milliseconds:11940.0|#WorkerName:W-9012-CassavaModel_1.0,Level:Host|#hostname:DESKTOP-M930GPA,timestamp:1702283909
2023-12-11T09:38:29,131 - WorkerThreadTime.Milliseconds:193.0|#Level:Host|#hostname:DESKTOP-M930GPA,timestamp:1702283909
2023-12-11T09:38:29,176 - WorkerLoadTime.Milliseconds:12004.0|#WorkerName:W-9001-CassavaModel_1.0,Level:Host|#hostname:DESKTOP-M930GPA,timestamp:1702283909
2023-12-11T09:38:29,177 - WorkerThreadTime.Milliseconds:166.0|#Level:Host|#hostname:DESKTOP-M930GPA,timestamp:1702283909
2023-12-11T09:38:29,359 - WorkerLoadTime.Milliseconds:12172.0|#WorkerName:W-9010-CassavaModel_1.0,Level:Host|#hostname:DESKTOP-M930GPA,timestamp:1702283909
2023-12-11T09:38:29,359 - WorkerThreadTime.Milliseconds:226.0|#Level:Host|#hostname:DESKTOP-M930GPA,timestamp:1702283909
2023-12-11T09:38:29,381 - WorkerLoadTime.Milliseconds:12197.0|#WorkerName:W-9002-CassavaModel_1.0,Level:Host|#hostname:DESKTOP-M930GPA,timestamp:1702283909
2023-12-11T09:38:29,382 - WorkerThreadTime.Milliseconds:142.0|#Level:Host|#hostname:DESKTOP-M930GPA,timestamp:1702283909
2023-12-11T09:38:29,398 - WorkerLoadTime.Milliseconds:12213.0|#WorkerName:W-9004-CassavaModel_1.0,Level:Host|#hostname:DESKTOP-M930GPA,timestamp:1702283909
2023-12-11T09:38:29,399 - WorkerThreadTime.Milliseconds:242.0|#Level:Host|#hostname:DESKTOP-M930GPA,timestamp:1702283909
2023-12-11T09:38:29,476 - WorkerLoadTime.Milliseconds:12287.0|#WorkerName:W-9011-CassavaModel_1.0,Level:Host|#hostname:DESKTOP-M930GPA,timestamp:1702283909
2023-12-11T09:38:29,477 - WorkerThreadTime.Milliseconds:86.0|#Level:Host|#hostname:DESKTOP-M930GPA,timestamp:1702283909
2023-12-11T09:38:29,525 - WorkerLoadTime.Milliseconds:12340.0|#WorkerName:W-9005-CassavaModel_1.0,Level:Host|#hostname:DESKTOP-M930GPA,timestamp:1702283909
2023-12-11T09:38:29,525 - WorkerThreadTime.Milliseconds:150.0|#Level:Host|#hostname:DESKTOP-M930GPA,timestamp:1702283909
2023-12-11T09:38:29,618 - WorkerLoadTime.Milliseconds:12431.0|#WorkerName:W-9006-CassavaModel_1.0,Level:Host|#hostname:DESKTOP-M930GPA,timestamp:1702283909
2023-12-11T09:38:29,619 - WorkerThreadTime.Milliseconds:142.0|#Level:Host|#hostname:DESKTOP-M930GPA,timestamp:1702283909
2023-12-11T09:38:29,714 - WorkerLoadTime.Milliseconds:12522.0|#WorkerName:W-9013-CassavaModel_1.0,Level:Host|#hostname:DESKTOP-M930GPA,timestamp:1702283909
2023-12-11T09:38:29,716 - WorkerThreadTime.Milliseconds:157.0|#Level:Host|#hostname:DESKTOP-M930GPA,timestamp:1702283909
2023-12-11T09:39:20,717 - CPUUtilization.Percent:0.0|#Level:Host|#hostname:DESKTOP-M930GPA,timestamp:1702283960
2023-12-11T09:39:20,717 - DiskAvailable.Gigabytes:887.3778686523438|#Level:Host|#hostname:DESKTOP-M930GPA,timestamp:1702283960
2023-12-11T09:39:20,717 - DiskUsage.Gigabytes:68.26044082641602|#Level:Host|#hostname:DESKTOP-M930GPA,timestamp:1702283960
2023-12-11T09:39:20,717 - DiskUtilization.Percent:7.1|#Level:Host|#hostname:DESKTOP-M930GPA,timestamp:1702283960
2023-12-11T09:39:20,718 - MemoryAvailable.Megabytes:831.68359375|#Level:Host|#hostname:DESKTOP-M930GPA,timestamp:1702283960
2023-12-11T09:39:20,718 - MemoryUsed.Megabytes:6574.38671875|#Level:Host|#hostname:DESKTOP-M930GPA,timestamp:1702283960
2023-12-11T09:39:20,718 - MemoryUtilization.Percent:89.1|#Level:Host|#hostname:DESKTOP-M930GPA,timestamp:1702283960
2023-12-11T09:40:20,708 - CPUUtilization.Percent:0.0|#Level:Host|#hostname:DESKTOP-M930GPA,timestamp:1702284020
2023-12-11T09:40:20,708 - DiskAvailable.Gigabytes:887.3777198791504|#Level:Host|#hostname:DESKTOP-M930GPA,timestamp:1702284020
2023-12-11T09:40:20,708 - DiskUsage.Gigabytes:68.26058959960938|#Level:Host|#hostname:DESKTOP-M930GPA,timestamp:1702284020
2023-12-11T09:40:20,708 - DiskUtilization.Percent:7.1|#Level:Host|#hostname:DESKTOP-M930GPA,timestamp:1702284020
2023-12-11T09:40:20,709 - MemoryAvailable.Megabytes:835.5234375|#Level:Host|#hostname:DESKTOP-M930GPA,timestamp:1702284020
2023-12-11T09:40:20,709 - MemoryUsed.Megabytes:6570.6171875|#Level:Host|#hostname:DESKTOP-M930GPA,timestamp:1702284020
2023-12-11T09:40:20,709 - MemoryUtilization.Percent:89.1|#Level:Host|#hostname:DESKTOP-M930GPA,timestamp:1702284020
2023-12-11T09:40:40,809 - Requests2XX.Count:1.0|#Level:Host|#hostname:DESKTOP-M930GPA,timestamp:1702284040
2023-12-11T09:40:56,649 - Requests2XX.Count:1.0|#Level:Host|#hostname:DESKTOP-M930GPA,timestamp:1702284056
2023-12-11T09:41:07,633 - Requests2XX.Count:1.0|#Level:Host|#hostname:DESKTOP-M930GPA,timestamp:1702284067
2023-12-11T09:41:20,706 - CPUUtilization.Percent:25.0|#Level:Host|#hostname:DESKTOP-M930GPA,timestamp:1702284080
2023-12-11T09:41:20,707 - DiskAvailable.Gigabytes:887.3777160644531|#Level:Host|#hostname:DESKTOP-M930GPA,timestamp:1702284080
2023-12-11T09:41:20,707 - DiskUsage.Gigabytes:68.26059341430664|#Level:Host|#hostname:DESKTOP-M930GPA,timestamp:1702284080
2023-12-11T09:41:20,708 - DiskUtilization.Percent:7.1|#Level:Host|#hostname:DESKTOP-M930GPA,timestamp:1702284080
2023-12-11T09:41:20,708 - MemoryAvailable.Megabytes:783.3046875|#Level:Host|#hostname:DESKTOP-M930GPA,timestamp:1702284080
2023-12-11T09:41:20,708 - MemoryUsed.Megabytes:6622.8046875|#Level:Host|#hostname:DESKTOP-M930GPA,timestamp:1702284080
2023-12-11T09:41:20,708 - MemoryUtilization.Percent:89.8|#Level:Host|#hostname:DESKTOP-M930GPA,timestamp:1702284080
2023-12-11T09:41:54,653 - ts_inference_requests_total.Count:1.0|#model_name:CassavaModel,model_version:default|#hostname:DESKTOP-M930GPA,timestamp:1702284114
2023-12-11T09:41:54,750 - Requests5XX.Count:1.0|#Level:Host|#hostname:DESKTOP-M930GPA,timestamp:1702284114
2023-12-11T09:41:54,751 - WorkerThreadTime.Milliseconds:4.0|#Level:Host|#hostname:DESKTOP-M930GPA,timestamp:1702284114
2023-12-11T09:42:20,779 - CPUUtilization.Percent:28.6|#Level:Host|#hostname:DESKTOP-M930GPA,timestamp:1702284140
2023-12-11T09:42:20,779 - DiskAvailable.Gigabytes:887.3777008056641|#Level:Host|#hostname:DESKTOP-M930GPA,timestamp:1702284140
2023-12-11T09:42:20,779 - DiskUsage.Gigabytes:68.2606086730957|#Level:Host|#hostname:DESKTOP-M930GPA,timestamp:1702284140
2023-12-11T09:42:20,780 - DiskUtilization.Percent:7.1|#Level:Host|#hostname:DESKTOP-M930GPA,timestamp:1702284140
2023-12-11T09:42:20,780 - MemoryAvailable.Megabytes:771.65234375|#Level:Host|#hostname:DESKTOP-M930GPA,timestamp:1702284140
2023-12-11T09:42:20,780 - MemoryUsed.Megabytes:6634.3671875|#Level:Host|#hostname:DESKTOP-M930GPA,timestamp:1702284140
2023-12-11T09:42:20,780 - MemoryUtilization.Percent:89.9|#Level:Host|#hostname:DESKTOP-M930GPA,timestamp:1702284140
2023-12-11T09:43:20,682 - CPUUtilization.Percent:0.0|#Level:Host|#hostname:DESKTOP-M930GPA,timestamp:1702284200
2023-12-11T09:43:20,682 - DiskAvailable.Gigabytes:887.3776741027832|#Level:Host|#hostname:DESKTOP-M930GPA,timestamp:1702284200
2023-12-11T09:43:20,682 - DiskUsage.Gigabytes:68.26063537597656|#Level:Host|#hostname:DESKTOP-M930GPA,timestamp:1702284200
2023-12-11T09:43:20,682 - DiskUtilization.Percent:7.1|#Level:Host|#hostname:DESKTOP-M930GPA,timestamp:1702284200
2023-12-11T09:43:20,682 - MemoryAvailable.Megabytes:770.5546875|#Level:Host|#hostname:DESKTOP-M930GPA,timestamp:1702284200
2023-12-11T09:43:20,682 - MemoryUsed.Megabytes:6635.67578125|#Level:Host|#hostname:DESKTOP-M930GPA,timestamp:1702284200
2023-12-11T09:43:20,682 - MemoryUtilization.Percent:89.9|#Level:Host|#hostname:DESKTOP-M930GPA,timestamp:1702284200
2023-12-11T09:43:23,254 - Requests2XX.Count:1.0|#Level:Host|#hostname:DESKTOP-M930GPA,timestamp:1702284203
2023-12-11T09:44:48,089 - CPUUtilization.Percent:100.0|#Level:Host|#hostname:DESKTOP-M930GPA,timestamp:1702284288
2023-12-11T09:44:48,092 - DiskAvailable.Gigabytes:887.3776016235352|#Level:Host|#hostname:DESKTOP-M930GPA,timestamp:1702284288
2023-12-11T09:44:48,094 - DiskUsage.Gigabytes:68.26070785522461|#Level:Host|#hostname:DESKTOP-M930GPA,timestamp:1702284288
2023-12-11T09:44:48,106 - DiskUtilization.Percent:7.1|#Level:Host|#hostname:DESKTOP-M930GPA,timestamp:1702284288
2023-12-11T09:44:48,110 - MemoryAvailable.Megabytes:4242.625|#Level:Host|#hostname:DESKTOP-M930GPA,timestamp:1702284288
2023-12-11T09:44:48,117 - MemoryUsed.Megabytes:3162.8046875|#Level:Host|#hostname:DESKTOP-M930GPA,timestamp:1702284288
2023-12-11T09:44:48,126 - MemoryUtilization.Percent:44.5|#Level:Host|#hostname:DESKTOP-M930GPA,timestamp:1702284288
2023-12-11T09:44:56,373 - WorkerLoadTime.Milliseconds:10700.0|#WorkerName:W-9002-CassavaModel_1.0,Level:Host|#hostname:DESKTOP-M930GPA,timestamp:1702284296
2023-12-11T09:44:56,376 - WorkerThreadTime.Milliseconds:145.0|#Level:Host|#hostname:DESKTOP-M930GPA,timestamp:1702284296
2023-12-11T09:44:56,649 - WorkerLoadTime.Milliseconds:10976.0|#WorkerName:W-9001-CassavaModel_1.0,Level:Host|#hostname:DESKTOP-M930GPA,timestamp:1702284296
2023-12-11T09:44:56,650 - WorkerThreadTime.Milliseconds:121.0|#Level:Host|#hostname:DESKTOP-M930GPA,timestamp:1702284296
2023-12-11T09:44:56,864 - WorkerLoadTime.Milliseconds:11187.0|#WorkerName:W-9011-CassavaModel_1.0,Level:Host|#hostname:DESKTOP-M930GPA,timestamp:1702284296
2023-12-11T09:44:56,865 - WorkerThreadTime.Milliseconds:103.0|#Level:Host|#hostname:DESKTOP-M930GPA,timestamp:1702284296
2023-12-11T09:44:56,926 - WorkerLoadTime.Milliseconds:11250.0|#WorkerName:W-9010-CassavaModel_1.0,Level:Host|#hostname:DESKTOP-M930GPA,timestamp:1702284296
2023-12-11T09:44:56,927 - WorkerThreadTime.Milliseconds:82.0|#Level:Host|#hostname:DESKTOP-M930GPA,timestamp:1702284296
2023-12-11T09:44:57,109 - WorkerLoadTime.Milliseconds:11434.0|#WorkerName:W-9005-CassavaModel_1.0,Level:Host|#hostname:DESKTOP-M930GPA,timestamp:1702284297
2023-12-11T09:44:57,111 - WorkerThreadTime.Milliseconds:121.0|#Level:Host|#hostname:DESKTOP-M930GPA,timestamp:1702284297
2023-12-11T09:44:57,311 - WorkerLoadTime.Milliseconds:11633.0|#WorkerName:W-9013-CassavaModel_1.0,Level:Host|#hostname:DESKTOP-M930GPA,timestamp:1702284297
2023-12-11T09:44:57,311 - WorkerThreadTime.Milliseconds:260.0|#Level:Host|#hostname:DESKTOP-M930GPA,timestamp:1702284297
2023-12-11T09:44:57,666 - WorkerLoadTime.Milliseconds:11991.0|#WorkerName:W-9007-CassavaModel_1.0,Level:Host|#hostname:DESKTOP-M930GPA,timestamp:1702284297
2023-12-11T09:44:57,667 - WorkerThreadTime.Milliseconds:68.0|#Level:Host|#hostname:DESKTOP-M930GPA,timestamp:1702284297
2023-12-11T09:44:57,698 - WorkerLoadTime.Milliseconds:12024.0|#WorkerName:W-9006-CassavaModel_1.0,Level:Host|#hostname:DESKTOP-M930GPA,timestamp:1702284297
2023-12-11T09:44:57,698 - WorkerThreadTime.Milliseconds:114.0|#Level:Host|#hostname:DESKTOP-M930GPA,timestamp:1702284297
2023-12-11T09:44:57,787 - WorkerLoadTime.Milliseconds:12107.0|#WorkerName:W-9015-CassavaModel_1.0,Level:Host|#hostname:DESKTOP-M930GPA,timestamp:1702284297
2023-12-11T09:44:57,788 - WorkerThreadTime.Milliseconds:122.0|#Level:Host|#hostname:DESKTOP-M930GPA,timestamp:1702284297
2023-12-11T09:44:57,894 - WorkerLoadTime.Milliseconds:12217.0|#WorkerName:W-9008-CassavaModel_1.0,Level:Host|#hostname:DESKTOP-M930GPA,timestamp:1702284297
2023-12-11T09:44:57,901 - WorkerThreadTime.Milliseconds:124.0|#Level:Host|#hostname:DESKTOP-M930GPA,timestamp:1702284297
2023-12-11T09:44:57,911 - WorkerLoadTime.Milliseconds:12238.0|#WorkerName:W-9003-CassavaModel_1.0,Level:Host|#hostname:DESKTOP-M930GPA,timestamp:1702284297
2023-12-11T09:44:57,911 - WorkerThreadTime.Milliseconds:151.0|#Level:Host|#hostname:DESKTOP-M930GPA,timestamp:1702284297
2023-12-11T09:44:58,031 - WorkerLoadTime.Milliseconds:12353.0|#WorkerName:W-9012-CassavaModel_1.0,Level:Host|#hostname:DESKTOP-M930GPA,timestamp:1702284298
2023-12-11T09:44:58,031 - WorkerThreadTime.Milliseconds:163.0|#Level:Host|#hostname:DESKTOP-M930GPA,timestamp:1702284298
2023-12-11T09:44:58,221 - WorkerLoadTime.Milliseconds:12546.0|#WorkerName:W-9004-CassavaModel_1.0,Level:Host|#hostname:DESKTOP-M930GPA,timestamp:1702284298
2023-12-11T09:44:58,221 - WorkerThreadTime.Milliseconds:192.0|#Level:Host|#hostname:DESKTOP-M930GPA,timestamp:1702284298
2023-12-11T09:44:58,269 - WorkerLoadTime.Milliseconds:12590.0|#WorkerName:W-9014-CassavaModel_1.0,Level:Host|#hostname:DESKTOP-M930GPA,timestamp:1702284298
2023-12-11T09:44:58,269 - WorkerThreadTime.Milliseconds:215.0|#Level:Host|#hostname:DESKTOP-M930GPA,timestamp:1702284298
2023-12-11T09:44:58,283 - WorkerLoadTime.Milliseconds:12608.0|#WorkerName:W-9009-CassavaModel_1.0,Level:Host|#hostname:DESKTOP-M930GPA,timestamp:1702284298
2023-12-11T09:44:58,284 - WorkerThreadTime.Milliseconds:92.0|#Level:Host|#hostname:DESKTOP-M930GPA,timestamp:1702284298
2023-12-11T09:44:58,306 - WorkerLoadTime.Milliseconds:12634.0|#WorkerName:W-9000-CassavaModel_1.0,Level:Host|#hostname:DESKTOP-M930GPA,timestamp:1702284298
2023-12-11T09:44:58,307 - WorkerThreadTime.Milliseconds:211.0|#Level:Host|#hostname:DESKTOP-M930GPA,timestamp:1702284298
2023-12-11T09:45:09,343 - ts_inference_requests_total.Count:1.0|#model_name:CassavaModel,model_version:default|#hostname:DESKTOP-M930GPA,timestamp:1702284309
2023-12-11T09:45:09,426 - Requests5XX.Count:1.0|#Level:Host|#hostname:DESKTOP-M930GPA,timestamp:1702284309
2023-12-11T09:45:09,426 - WorkerThreadTime.Milliseconds:8.0|#Level:Host|#hostname:DESKTOP-M930GPA,timestamp:1702284309
2023-12-11T09:45:47,887 - CPUUtilization.Percent:20.0|#Level:Host|#hostname:DESKTOP-M930GPA,timestamp:1702284347
2023-12-11T09:45:47,888 - DiskAvailable.Gigabytes:887.377513885498|#Level:Host|#hostname:DESKTOP-M930GPA,timestamp:1702284347
2023-12-11T09:45:47,888 - DiskUsage.Gigabytes:68.26079559326172|#Level:Host|#hostname:DESKTOP-M930GPA,timestamp:1702284347
2023-12-11T09:45:47,888 - DiskUtilization.Percent:7.1|#Level:Host|#hostname:DESKTOP-M930GPA,timestamp:1702284347
2023-12-11T09:45:47,889 - MemoryAvailable.Megabytes:780.234375|#Level:Host|#hostname:DESKTOP-M930GPA,timestamp:1702284347
2023-12-11T09:45:47,889 - MemoryUsed.Megabytes:6624.90625|#Level:Host|#hostname:DESKTOP-M930GPA,timestamp:1702284347
2023-12-11T09:45:47,889 - MemoryUtilization.Percent:89.8|#Level:Host|#hostname:DESKTOP-M930GPA,timestamp:1702284347
2023-12-11T09:46:47,869 - CPUUtilization.Percent:16.7|#Level:Host|#hostname:DESKTOP-M930GPA,timestamp:1702284407
2023-12-11T09:46:47,870 - DiskAvailable.Gigabytes:887.3775062561035|#Level:Host|#hostname:DESKTOP-M930GPA,timestamp:1702284407
2023-12-11T09:46:47,870 - DiskUsage.Gigabytes:68.26080322265625|#Level:Host|#hostname:DESKTOP-M930GPA,timestamp:1702284407
2023-12-11T09:46:47,870 - DiskUtilization.Percent:7.1|#Level:Host|#hostname:DESKTOP-M930GPA,timestamp:1702284407
2023-12-11T09:46:47,870 - MemoryAvailable.Megabytes:782.3046875|#Level:Host|#hostname:DESKTOP-M930GPA,timestamp:1702284407
2023-12-11T09:46:47,871 - MemoryUsed.Megabytes:6622.734375|#Level:Host|#hostname:DESKTOP-M930GPA,timestamp:1702284407
2023-12-11T09:46:47,871 - MemoryUtilization.Percent:89.8|#Level:Host|#hostname:DESKTOP-M930GPA,timestamp:1702284407
2023-12-11T09:47:47,848 - CPUUtilization.Percent:20.0|#Level:Host|#hostname:DESKTOP-M930GPA,timestamp:1702284467
2023-12-11T09:47:47,848 - DiskAvailable.Gigabytes:887.3775062561035|#Level:Host|#hostname:DESKTOP-M930GPA,timestamp:1702284467
2023-12-11T09:47:47,849 - DiskUsage.Gigabytes:68.26080322265625|#Level:Host|#hostname:DESKTOP-M930GPA,timestamp:1702284467
2023-12-11T09:47:47,849 - DiskUtilization.Percent:7.1|#Level:Host|#hostname:DESKTOP-M930GPA,timestamp:1702284467
2023-12-11T09:47:47,849 - MemoryAvailable.Megabytes:781.7578125|#Level:Host|#hostname:DESKTOP-M930GPA,timestamp:1702284467
2023-12-11T09:47:47,849 - MemoryUsed.Megabytes:6623.3515625|#Level:Host|#hostname:DESKTOP-M930GPA,timestamp:1702284467
2023-12-11T09:47:47,849 - MemoryUtilization.Percent:89.8|#Level:Host|#hostname:DESKTOP-M930GPA,timestamp:1702284467
2023-12-11T09:48:47,879 - CPUUtilization.Percent:16.7|#Level:Host|#hostname:DESKTOP-M930GPA,timestamp:1702284527
2023-12-11T09:48:47,880 - DiskAvailable.Gigabytes:887.3775062561035|#Level:Host|#hostname:DESKTOP-M930GPA,timestamp:1702284527
2023-12-11T09:48:47,881 - DiskUsage.Gigabytes:68.26080322265625|#Level:Host|#hostname:DESKTOP-M930GPA,timestamp:1702284527
2023-12-11T09:48:47,881 - DiskUtilization.Percent:7.1|#Level:Host|#hostname:DESKTOP-M930GPA,timestamp:1702284527
2023-12-11T09:48:47,881 - MemoryAvailable.Megabytes:780.94921875|#Level:Host|#hostname:DESKTOP-M930GPA,timestamp:1702284527
2023-12-11T09:48:47,881 - MemoryUsed.Megabytes:6624.1171875|#Level:Host|#hostname:DESKTOP-M930GPA,timestamp:1702284527
2023-12-11T09:48:47,881 - MemoryUtilization.Percent:89.8|#Level:Host|#hostname:DESKTOP-M930GPA,timestamp:1702284527
2023-12-11T09:49:47,841 - CPUUtilization.Percent:0.0|#Level:Host|#hostname:DESKTOP-M930GPA,timestamp:1702284587
2023-12-11T09:49:47,842 - DiskAvailable.Gigabytes:887.3775062561035|#Level:Host|#hostname:DESKTOP-M930GPA,timestamp:1702284587
2023-12-11T09:49:47,842 - DiskUsage.Gigabytes:68.26080322265625|#Level:Host|#hostname:DESKTOP-M930GPA,timestamp:1702284587
2023-12-11T09:49:47,842 - DiskUtilization.Percent:7.1|#Level:Host|#hostname:DESKTOP-M930GPA,timestamp:1702284587
2023-12-11T09:49:47,842 - MemoryAvailable.Megabytes:789.54296875|#Level:Host|#hostname:DESKTOP-M930GPA,timestamp:1702284587
2023-12-11T09:49:47,842 - MemoryUsed.Megabytes:6615.58203125|#Level:Host|#hostname:DESKTOP-M930GPA,timestamp:1702284587
2023-12-11T09:49:47,842 - MemoryUtilization.Percent:89.7|#Level:Host|#hostname:DESKTOP-M930GPA,timestamp:1702284587
2023-12-11T09:50:47,844 - CPUUtilization.Percent:0.0|#Level:Host|#hostname:DESKTOP-M930GPA,timestamp:1702284647
2023-12-11T09:50:47,845 - DiskAvailable.Gigabytes:887.3775024414062|#Level:Host|#hostname:DESKTOP-M930GPA,timestamp:1702284647
2023-12-11T09:50:47,845 - DiskUsage.Gigabytes:68.26080703735352|#Level:Host|#hostname:DESKTOP-M930GPA,timestamp:1702284647
2023-12-11T09:50:47,845 - DiskUtilization.Percent:7.1|#Level:Host|#hostname:DESKTOP-M930GPA,timestamp:1702284647
2023-12-11T09:50:47,845 - MemoryAvailable.Megabytes:787.80078125|#Level:Host|#hostname:DESKTOP-M930GPA,timestamp:1702284647
2023-12-11T09:50:47,845 - MemoryUsed.Megabytes:6617.22265625|#Level:Host|#hostname:DESKTOP-M930GPA,timestamp:1702284647
2023-12-11T09:50:47,845 - MemoryUtilization.Percent:89.7|#Level:Host|#hostname:DESKTOP-M930GPA,timestamp:1702284647
2023-12-11T09:51:47,850 - CPUUtilization.Percent:0.0|#Level:Host|#hostname:DESKTOP-M930GPA,timestamp:1702284707
2023-12-11T09:51:47,851 - DiskAvailable.Gigabytes:887.3774948120117|#Level:Host|#hostname:DESKTOP-M930GPA,timestamp:1702284707
2023-12-11T09:51:47,851 - DiskUsage.Gigabytes:68.26081466674805|#Level:Host|#hostname:DESKTOP-M930GPA,timestamp:1702284707
2023-12-11T09:51:47,851 - DiskUtilization.Percent:7.1|#Level:Host|#hostname:DESKTOP-M930GPA,timestamp:1702284707
2023-12-11T09:51:47,851 - MemoryAvailable.Megabytes:811.38671875|#Level:Host|#hostname:DESKTOP-M930GPA,timestamp:1702284707
2023-12-11T09:51:47,852 - MemoryUsed.Megabytes:6594.09375|#Level:Host|#hostname:DESKTOP-M930GPA,timestamp:1702284707
2023-12-11T09:51:47,852 - MemoryUtilization.Percent:89.4|#Level:Host|#hostname:DESKTOP-M930GPA,timestamp:1702284707
2023-12-11T09:52:47,874 - CPUUtilization.Percent:0.0|#Level:Host|#hostname:DESKTOP-M930GPA,timestamp:1702284767
2023-12-11T09:52:47,874 - DiskAvailable.Gigabytes:887.3774948120117|#Level:Host|#hostname:DESKTOP-M930GPA,timestamp:1702284767
2023-12-11T09:52:47,874 - DiskUsage.Gigabytes:68.26081466674805|#Level:Host|#hostname:DESKTOP-M930GPA,timestamp:1702284767
2023-12-11T09:52:47,875 - DiskUtilization.Percent:7.1|#Level:Host|#hostname:DESKTOP-M930GPA,timestamp:1702284767
2023-12-11T09:52:47,875 - MemoryAvailable.Megabytes:805.28515625|#Level:Host|#hostname:DESKTOP-M930GPA,timestamp:1702284767
2023-12-11T09:52:47,875 - MemoryUsed.Megabytes:6600.61328125|#Level:Host|#hostname:DESKTOP-M930GPA,timestamp:1702284767
2023-12-11T09:52:47,875 - MemoryUtilization.Percent:89.5|#Level:Host|#hostname:DESKTOP-M930GPA,timestamp:1702284767
2023-12-11T09:53:47,882 - CPUUtilization.Percent:0.0|#Level:Host|#hostname:DESKTOP-M930GPA,timestamp:1702284827
2023-12-11T09:53:47,883 - DiskAvailable.Gigabytes:887.3774948120117|#Level:Host|#hostname:DESKTOP-M930GPA,timestamp:1702284827
2023-12-11T09:53:47,883 - DiskUsage.Gigabytes:68.26081466674805|#Level:Host|#hostname:DESKTOP-M930GPA,timestamp:1702284827
2023-12-11T09:53:47,883 - DiskUtilization.Percent:7.1|#Level:Host|#hostname:DESKTOP-M930GPA,timestamp:1702284827
2023-12-11T09:53:47,883 - MemoryAvailable.Megabytes:797.8828125|#Level:Host|#hostname:DESKTOP-M930GPA,timestamp:1702284827
2023-12-11T09:53:47,884 - MemoryUsed.Megabytes:6607.98828125|#Level:Host|#hostname:DESKTOP-M930GPA,timestamp:1702284827
2023-12-11T09:53:47,884 - MemoryUtilization.Percent:89.6|#Level:Host|#hostname:DESKTOP-M930GPA,timestamp:1702284827
2023-12-11T09:54:47,890 - CPUUtilization.Percent:0.0|#Level:Host|#hostname:DESKTOP-M930GPA,timestamp:1702284887
2023-12-11T09:54:47,891 - DiskAvailable.Gigabytes:887.3774909973145|#Level:Host|#hostname:DESKTOP-M930GPA,timestamp:1702284887
2023-12-11T09:54:47,891 - DiskUsage.Gigabytes:68.26081848144531|#Level:Host|#hostname:DESKTOP-M930GPA,timestamp:1702284887
2023-12-11T09:54:47,892 - DiskUtilization.Percent:7.1|#Level:Host|#hostname:DESKTOP-M930GPA,timestamp:1702284887
2023-12-11T09:54:47,892 - MemoryAvailable.Megabytes:801.08984375|#Level:Host|#hostname:DESKTOP-M930GPA,timestamp:1702284887
2023-12-11T09:54:47,892 - MemoryUsed.Megabytes:6604.78515625|#Level:Host|#hostname:DESKTOP-M930GPA,timestamp:1702284887
2023-12-11T09:54:47,892 - MemoryUtilization.Percent:89.5|#Level:Host|#hostname:DESKTOP-M930GPA,timestamp:1702284887
2023-12-11T09:55:47,922 - CPUUtilization.Percent:0.0|#Level:Host|#hostname:DESKTOP-M930GPA,timestamp:1702284947
2023-12-11T09:55:47,922 - DiskAvailable.Gigabytes:887.3774909973145|#Level:Host|#hostname:DESKTOP-M930GPA,timestamp:1702284947
2023-12-11T09:55:47,922 - DiskUsage.Gigabytes:68.26081848144531|#Level:Host|#hostname:DESKTOP-M930GPA,timestamp:1702284947
2023-12-11T09:55:47,923 - DiskUtilization.Percent:7.1|#Level:Host|#hostname:DESKTOP-M930GPA,timestamp:1702284947
2023-12-11T09:55:47,923 - MemoryAvailable.Megabytes:801.52734375|#Level:Host|#hostname:DESKTOP-M930GPA,timestamp:1702284947
2023-12-11T09:55:47,923 - MemoryUsed.Megabytes:6604.34765625|#Level:Host|#hostname:DESKTOP-M930GPA,timestamp:1702284947
2023-12-11T09:55:47,923 - MemoryUtilization.Percent:89.5|#Level:Host|#hostname:DESKTOP-M930GPA,timestamp:1702284947
2023-12-11T09:56:47,869 - CPUUtilization.Percent:0.0|#Level:Host|#hostname:DESKTOP-M930GPA,timestamp:1702285007
2023-12-11T09:56:47,870 - DiskAvailable.Gigabytes:887.3774871826172|#Level:Host|#hostname:DESKTOP-M930GPA,timestamp:1702285007
2023-12-11T09:56:47,870 - DiskUsage.Gigabytes:68.26082229614258|#Level:Host|#hostname:DESKTOP-M930GPA,timestamp:1702285007
2023-12-11T09:56:47,870 - DiskUtilization.Percent:7.1|#Level:Host|#hostname:DESKTOP-M930GPA,timestamp:1702285007
2023-12-11T09:56:47,870 - MemoryAvailable.Megabytes:804.04296875|#Level:Host|#hostname:DESKTOP-M930GPA,timestamp:1702285007
2023-12-11T09:56:47,871 - MemoryUsed.Megabytes:6601.83203125|#Level:Host|#hostname:DESKTOP-M930GPA,timestamp:1702285007
2023-12-11T09:56:47,871 - MemoryUtilization.Percent:89.5|#Level:Host|#hostname:DESKTOP-M930GPA,timestamp:1702285007
2023-12-11T09:57:47,865 - CPUUtilization.Percent:0.0|#Level:Host|#hostname:DESKTOP-M930GPA,timestamp:1702285067
2023-12-11T09:57:47,866 - DiskAvailable.Gigabytes:887.3774833679199|#Level:Host|#hostname:DESKTOP-M930GPA,timestamp:1702285067
2023-12-11T09:57:47,866 - DiskUsage.Gigabytes:68.26082611083984|#Level:Host|#hostname:DESKTOP-M930GPA,timestamp:1702285067
2023-12-11T09:57:47,866 - DiskUtilization.Percent:7.1|#Level:Host|#hostname:DESKTOP-M930GPA,timestamp:1702285067
2023-12-11T09:57:47,866 - MemoryAvailable.Megabytes:801.23828125|#Level:Host|#hostname:DESKTOP-M930GPA,timestamp:1702285067
2023-12-11T09:57:47,866 - MemoryUsed.Megabytes:6604.63671875|#Level:Host|#hostname:DESKTOP-M930GPA,timestamp:1702285067
2023-12-11T09:57:47,867 - MemoryUtilization.Percent:89.5|#Level:Host|#hostname:DESKTOP-M930GPA,timestamp:1702285067
2023-12-11T09:58:47,854 - CPUUtilization.Percent:0.0|#Level:Host|#hostname:DESKTOP-M930GPA,timestamp:1702285127
2023-12-11T09:58:47,854 - DiskAvailable.Gigabytes:887.3774833679199|#Level:Host|#hostname:DESKTOP-M930GPA,timestamp:1702285127
2023-12-11T09:58:47,854 - DiskUsage.Gigabytes:68.26082611083984|#Level:Host|#hostname:DESKTOP-M930GPA,timestamp:1702285127
2023-12-11T09:58:47,855 - DiskUtilization.Percent:7.1|#Level:Host|#hostname:DESKTOP-M930GPA,timestamp:1702285127
2023-12-11T09:58:47,855 - MemoryAvailable.Megabytes:803.6328125|#Level:Host|#hostname:DESKTOP-M930GPA,timestamp:1702285127
2023-12-11T09:58:47,855 - MemoryUsed.Megabytes:6602.2421875|#Level:Host|#hostname:DESKTOP-M930GPA,timestamp:1702285127
2023-12-11T09:58:47,856 - MemoryUtilization.Percent:89.5|#Level:Host|#hostname:DESKTOP-M930GPA,timestamp:1702285127
2023-12-11T09:59:47,896 - CPUUtilization.Percent:0.0|#Level:Host|#hostname:DESKTOP-M930GPA,timestamp:1702285187
2023-12-11T09:59:47,896 - DiskAvailable.Gigabytes:887.3774833679199|#Level:Host|#hostname:DESKTOP-M930GPA,timestamp:1702285187
2023-12-11T09:59:47,896 - DiskUsage.Gigabytes:68.26082611083984|#Level:Host|#hostname:DESKTOP-M930GPA,timestamp:1702285187
2023-12-11T09:59:47,896 - DiskUtilization.Percent:7.1|#Level:Host|#hostname:DESKTOP-M930GPA,timestamp:1702285187
2023-12-11T09:59:47,897 - MemoryAvailable.Megabytes:802.640625|#Level:Host|#hostname:DESKTOP-M930GPA,timestamp:1702285187
2023-12-11T09:59:47,897 - MemoryUsed.Megabytes:6597.04296875|#Level:Host|#hostname:DESKTOP-M930GPA,timestamp:1702285187
2023-12-11T09:59:47,897 - MemoryUtilization.Percent:89.5|#Level:Host|#hostname:DESKTOP-M930GPA,timestamp:1702285187
2023-12-11T10:00:47,854 - CPUUtilization.Percent:0.0|#Level:Host|#hostname:DESKTOP-M930GPA,timestamp:1702285247
2023-12-11T10:00:47,855 - DiskAvailable.Gigabytes:887.3774871826172|#Level:Host|#hostname:DESKTOP-M930GPA,timestamp:1702285247
2023-12-11T10:00:47,855 - DiskUsage.Gigabytes:68.26082229614258|#Level:Host|#hostname:DESKTOP-M930GPA,timestamp:1702285247
2023-12-11T10:00:47,856 - DiskUtilization.Percent:7.1|#Level:Host|#hostname:DESKTOP-M930GPA,timestamp:1702285247
2023-12-11T10:00:47,856 - MemoryAvailable.Megabytes:796.5078125|#Level:Host|#hostname:DESKTOP-M930GPA,timestamp:1702285247
2023-12-11T10:00:47,856 - MemoryUsed.Megabytes:6556.44921875|#Level:Host|#hostname:DESKTOP-M930GPA,timestamp:1702285247
2023-12-11T10:00:47,856 - MemoryUtilization.Percent:89.6|#Level:Host|#hostname:DESKTOP-M930GPA,timestamp:1702285247
2023-12-11T10:01:47,940 - CPUUtilization.Percent:16.7|#Level:Host|#hostname:DESKTOP-M930GPA,timestamp:1702285307
2023-12-11T10:01:47,942 - DiskAvailable.Gigabytes:887.3774833679199|#Level:Host|#hostname:DESKTOP-M930GPA,timestamp:1702285307
2023-12-11T10:01:47,942 - DiskUsage.Gigabytes:68.26082611083984|#Level:Host|#hostname:DESKTOP-M930GPA,timestamp:1702285307
2023-12-11T10:01:47,942 - DiskUtilization.Percent:7.1|#Level:Host|#hostname:DESKTOP-M930GPA,timestamp:1702285307
2023-12-11T10:01:47,942 - MemoryAvailable.Megabytes:872.171875|#Level:Host|#hostname:DESKTOP-M930GPA,timestamp:1702285307
2023-12-11T10:01:47,943 - MemoryUsed.Megabytes:6477.83203125|#Level:Host|#hostname:DESKTOP-M930GPA,timestamp:1702285307
2023-12-11T10:01:47,943 - MemoryUtilization.Percent:88.6|#Level:Host|#hostname:DESKTOP-M930GPA,timestamp:1702285307
2023-12-11T10:02:47,873 - CPUUtilization.Percent:0.0|#Level:Host|#hostname:DESKTOP-M930GPA,timestamp:1702285367
2023-12-11T10:02:47,873 - DiskAvailable.Gigabytes:887.3774833679199|#Level:Host|#hostname:DESKTOP-M930GPA,timestamp:1702285367
2023-12-11T10:02:47,873 - DiskUsage.Gigabytes:68.26082611083984|#Level:Host|#hostname:DESKTOP-M930GPA,timestamp:1702285367
2023-12-11T10:02:47,874 - DiskUtilization.Percent:7.1|#Level:Host|#hostname:DESKTOP-M930GPA,timestamp:1702285367
2023-12-11T10:02:47,874 - MemoryAvailable.Megabytes:869.6484375|#Level:Host|#hostname:DESKTOP-M930GPA,timestamp:1702285367
2023-12-11T10:02:47,874 - MemoryUsed.Megabytes:6480.1171875|#Level:Host|#hostname:DESKTOP-M930GPA,timestamp:1702285367
2023-12-11T10:02:47,874 - MemoryUtilization.Percent:88.6|#Level:Host|#hostname:DESKTOP-M930GPA,timestamp:1702285367
2023-12-11T10:03:47,872 - CPUUtilization.Percent:0.0|#Level:Host|#hostname:DESKTOP-M930GPA,timestamp:1702285427
2023-12-11T10:03:47,873 - DiskAvailable.Gigabytes:887.3774833679199|#Level:Host|#hostname:DESKTOP-M930GPA,timestamp:1702285427
2023-12-11T10:03:47,873 - DiskUsage.Gigabytes:68.26082611083984|#Level:Host|#hostname:DESKTOP-M930GPA,timestamp:1702285427
2023-12-11T10:03:47,873 - DiskUtilization.Percent:7.1|#Level:Host|#hostname:DESKTOP-M930GPA,timestamp:1702285427
2023-12-11T10:03:47,873 - MemoryAvailable.Megabytes:867.54296875|#Level:Host|#hostname:DESKTOP-M930GPA,timestamp:1702285427
2023-12-11T10:03:47,874 - MemoryUsed.Megabytes:6482.22265625|#Level:Host|#hostname:DESKTOP-M930GPA,timestamp:1702285427
2023-12-11T10:03:47,874 - MemoryUtilization.Percent:88.7|#Level:Host|#hostname:DESKTOP-M930GPA,timestamp:1702285427
2023-12-11T10:04:47,900 - CPUUtilization.Percent:0.0|#Level:Host|#hostname:DESKTOP-M930GPA,timestamp:1702285487
2023-12-11T10:04:47,900 - DiskAvailable.Gigabytes:887.3774833679199|#Level:Host|#hostname:DESKTOP-M930GPA,timestamp:1702285487
2023-12-11T10:04:47,900 - DiskUsage.Gigabytes:68.26082611083984|#Level:Host|#hostname:DESKTOP-M930GPA,timestamp:1702285487
2023-12-11T10:04:47,901 - DiskUtilization.Percent:7.1|#Level:Host|#hostname:DESKTOP-M930GPA,timestamp:1702285487
2023-12-11T10:04:47,901 - MemoryAvailable.Megabytes:857.0390625|#Level:Host|#hostname:DESKTOP-M930GPA,timestamp:1702285487
2023-12-11T10:04:47,901 - MemoryUsed.Megabytes:6492.7109375|#Level:Host|#hostname:DESKTOP-M930GPA,timestamp:1702285487
2023-12-11T10:04:47,901 - MemoryUtilization.Percent:88.8|#Level:Host|#hostname:DESKTOP-M930GPA,timestamp:1702285487
2023-12-11T10:05:47,874 - CPUUtilization.Percent:0.0|#Level:Host|#hostname:DESKTOP-M930GPA,timestamp:1702285547
2023-12-11T10:05:47,875 - DiskAvailable.Gigabytes:887.3774795532227|#Level:Host|#hostname:DESKTOP-M930GPA,timestamp:1702285547
2023-12-11T10:05:47,875 - DiskUsage.Gigabytes:68.26082992553711|#Level:Host|#hostname:DESKTOP-M930GPA,timestamp:1702285547
2023-12-11T10:05:47,875 - DiskUtilization.Percent:7.1|#Level:Host|#hostname:DESKTOP-M930GPA,timestamp:1702285547
2023-12-11T10:05:47,876 - MemoryAvailable.Megabytes:853.1484375|#Level:Host|#hostname:DESKTOP-M930GPA,timestamp:1702285547
2023-12-11T10:05:47,876 - MemoryUsed.Megabytes:6496.6171875|#Level:Host|#hostname:DESKTOP-M930GPA,timestamp:1702285547
2023-12-11T10:05:47,876 - MemoryUtilization.Percent:88.8|#Level:Host|#hostname:DESKTOP-M930GPA,timestamp:1702285547
2023-12-11T10:06:47,838 - CPUUtilization.Percent:0.0|#Level:Host|#hostname:DESKTOP-M930GPA,timestamp:1702285607
2023-12-11T10:06:47,839 - DiskAvailable.Gigabytes:887.3774757385254|#Level:Host|#hostname:DESKTOP-M930GPA,timestamp:1702285607
2023-12-11T10:06:47,839 - DiskUsage.Gigabytes:68.26083374023438|#Level:Host|#hostname:DESKTOP-M930GPA,timestamp:1702285607
2023-12-11T10:06:47,839 - DiskUtilization.Percent:7.1|#Level:Host|#hostname:DESKTOP-M930GPA,timestamp:1702285607
2023-12-11T10:06:47,839 - MemoryAvailable.Megabytes:843.47265625|#Level:Host|#hostname:DESKTOP-M930GPA,timestamp:1702285607
2023-12-11T10:06:47,839 - MemoryUsed.Megabytes:6506.29296875|#Level:Host|#hostname:DESKTOP-M930GPA,timestamp:1702285607
2023-12-11T10:06:47,839 - MemoryUtilization.Percent:89.0|#Level:Host|#hostname:DESKTOP-M930GPA,timestamp:1702285607
2023-12-11T10:07:47,813 - CPUUtilization.Percent:0.0|#Level:Host|#hostname:DESKTOP-M930GPA,timestamp:1702285667
2023-12-11T10:07:47,813 - DiskAvailable.Gigabytes:887.3774757385254|#Level:Host|#hostname:DESKTOP-M930GPA,timestamp:1702285667
2023-12-11T10:07:47,813 - DiskUsage.Gigabytes:68.26083374023438|#Level:Host|#hostname:DESKTOP-M930GPA,timestamp:1702285667
2023-12-11T10:07:47,813 - DiskUtilization.Percent:7.1|#Level:Host|#hostname:DESKTOP-M930GPA,timestamp:1702285667
2023-12-11T10:07:47,814 - MemoryAvailable.Megabytes:846.6484375|#Level:Host|#hostname:DESKTOP-M930GPA,timestamp:1702285667
2023-12-11T10:07:47,814 - MemoryUsed.Megabytes:6503.0625|#Level:Host|#hostname:DESKTOP-M930GPA,timestamp:1702285667
2023-12-11T10:07:47,814 - MemoryUtilization.Percent:88.9|#Level:Host|#hostname:DESKTOP-M930GPA,timestamp:1702285667
2023-12-11T10:08:47,817 - CPUUtilization.Percent:0.0|#Level:Host|#hostname:DESKTOP-M930GPA,timestamp:1702285727
2023-12-11T10:08:47,817 - DiskAvailable.Gigabytes:887.3774757385254|#Level:Host|#hostname:DESKTOP-M930GPA,timestamp:1702285727
2023-12-11T10:08:47,817 - DiskUsage.Gigabytes:68.26083374023438|#Level:Host|#hostname:DESKTOP-M930GPA,timestamp:1702285727
2023-12-11T10:08:47,817 - DiskUtilization.Percent:7.1|#Level:Host|#hostname:DESKTOP-M930GPA,timestamp:1702285727
2023-12-11T10:08:47,817 - MemoryAvailable.Megabytes:841.74609375|#Level:Host|#hostname:DESKTOP-M930GPA,timestamp:1702285727
2023-12-11T10:08:47,818 - MemoryUsed.Megabytes:6507.96484375|#Level:Host|#hostname:DESKTOP-M930GPA,timestamp:1702285727
2023-12-11T10:08:47,818 - MemoryUtilization.Percent:89.0|#Level:Host|#hostname:DESKTOP-M930GPA,timestamp:1702285727
2023-12-11T10:09:47,816 - CPUUtilization.Percent:50.0|#Level:Host|#hostname:DESKTOP-M930GPA,timestamp:1702285787
2023-12-11T10:09:47,817 - DiskAvailable.Gigabytes:887.3774719238281|#Level:Host|#hostname:DESKTOP-M930GPA,timestamp:1702285787
2023-12-11T10:09:47,817 - DiskUsage.Gigabytes:68.26083755493164|#Level:Host|#hostname:DESKTOP-M930GPA,timestamp:1702285787
2023-12-11T10:09:47,817 - DiskUtilization.Percent:7.1|#Level:Host|#hostname:DESKTOP-M930GPA,timestamp:1702285787
2023-12-11T10:09:47,817 - MemoryAvailable.Megabytes:862.40234375|#Level:Host|#hostname:DESKTOP-M930GPA,timestamp:1702285787
2023-12-11T10:09:47,817 - MemoryUsed.Megabytes:6487.35546875|#Level:Host|#hostname:DESKTOP-M930GPA,timestamp:1702285787
2023-12-11T10:09:47,817 - MemoryUtilization.Percent:88.7|#Level:Host|#hostname:DESKTOP-M930GPA,timestamp:1702285787
2023-12-11T10:10:47,817 - CPUUtilization.Percent:0.0|#Level:Host|#hostname:DESKTOP-M930GPA,timestamp:1702285847
2023-12-11T10:10:47,817 - DiskAvailable.Gigabytes:887.3774719238281|#Level:Host|#hostname:DESKTOP-M930GPA,timestamp:1702285847
2023-12-11T10:10:47,818 - DiskUsage.Gigabytes:68.26083755493164|#Level:Host|#hostname:DESKTOP-M930GPA,timestamp:1702285847
2023-12-11T10:10:47,818 - DiskUtilization.Percent:7.1|#Level:Host|#hostname:DESKTOP-M930GPA,timestamp:1702285847
2023-12-11T10:10:47,818 - MemoryAvailable.Megabytes:865.99609375|#Level:Host|#hostname:DESKTOP-M930GPA,timestamp:1702285847
2023-12-11T10:10:47,818 - MemoryUsed.Megabytes:6483.76171875|#Level:Host|#hostname:DESKTOP-M930GPA,timestamp:1702285847
2023-12-11T10:10:47,818 - MemoryUtilization.Percent:88.7|#Level:Host|#hostname:DESKTOP-M930GPA,timestamp:1702285847
2023-12-11T10:11:47,816 - CPUUtilization.Percent:50.0|#Level:Host|#hostname:DESKTOP-M930GPA,timestamp:1702285907
2023-12-11T10:11:47,816 - DiskAvailable.Gigabytes:887.3774681091309|#Level:Host|#hostname:DESKTOP-M930GPA,timestamp:1702285907
2023-12-11T10:11:47,816 - DiskUsage.Gigabytes:68.2608413696289|#Level:Host|#hostname:DESKTOP-M930GPA,timestamp:1702285907
2023-12-11T10:11:47,816 - DiskUtilization.Percent:7.1|#Level:Host|#hostname:DESKTOP-M930GPA,timestamp:1702285907
2023-12-11T10:11:47,816 - MemoryAvailable.Megabytes:864.48828125|#Level:Host|#hostname:DESKTOP-M930GPA,timestamp:1702285907
2023-12-11T10:11:47,816 - MemoryUsed.Megabytes:6485.26953125|#Level:Host|#hostname:DESKTOP-M930GPA,timestamp:1702285907
2023-12-11T10:11:47,816 - MemoryUtilization.Percent:88.7|#Level:Host|#hostname:DESKTOP-M930GPA,timestamp:1702285907
2023-12-11T10:12:47,819 - CPUUtilization.Percent:0.0|#Level:Host|#hostname:DESKTOP-M930GPA,timestamp:1702285967
2023-12-11T10:12:47,819 - DiskAvailable.Gigabytes:887.3774681091309|#Level:Host|#hostname:DESKTOP-M930GPA,timestamp:1702285967
2023-12-11T10:12:47,819 - DiskUsage.Gigabytes:68.2608413696289|#Level:Host|#hostname:DESKTOP-M930GPA,timestamp:1702285967
2023-12-11T10:12:47,820 - DiskUtilization.Percent:7.1|#Level:Host|#hostname:DESKTOP-M930GPA,timestamp:1702285967
2023-12-11T10:12:47,820 - MemoryAvailable.Megabytes:863.8125|#Level:Host|#hostname:DESKTOP-M930GPA,timestamp:1702285967
2023-12-11T10:12:47,820 - MemoryUsed.Megabytes:6485.953125|#Level:Host|#hostname:DESKTOP-M930GPA,timestamp:1702285967
2023-12-11T10:12:47,820 - MemoryUtilization.Percent:88.7|#Level:Host|#hostname:DESKTOP-M930GPA,timestamp:1702285967
2023-12-11T10:13:47,816 - CPUUtilization.Percent:33.3|#Level:Host|#hostname:DESKTOP-M930GPA,timestamp:1702286027
2023-12-11T10:13:47,816 - DiskAvailable.Gigabytes:887.3774642944336|#Level:Host|#hostname:DESKTOP-M930GPA,timestamp:1702286027
2023-12-11T10:13:47,816 - DiskUsage.Gigabytes:68.26084518432617|#Level:Host|#hostname:DESKTOP-M930GPA,timestamp:1702286027
2023-12-11T10:13:47,816 - DiskUtilization.Percent:7.1|#Level:Host|#hostname:DESKTOP-M930GPA,timestamp:1702286027
2023-12-11T10:13:47,816 - MemoryAvailable.Megabytes:860.61328125|#Level:Host|#hostname:DESKTOP-M930GPA,timestamp:1702286027
2023-12-11T10:13:47,816 - MemoryUsed.Megabytes:6489.14453125|#Level:Host|#hostname:DESKTOP-M930GPA,timestamp:1702286027
2023-12-11T10:13:47,816 - MemoryUtilization.Percent:88.7|#Level:Host|#hostname:DESKTOP-M930GPA,timestamp:1702286027
2023-12-11T10:14:48,079 - CPUUtilization.Percent:0.0|#Level:Host|#hostname:DESKTOP-M930GPA,timestamp:1702286088
2023-12-11T10:14:48,080 - DiskAvailable.Gigabytes:887.3774452209473|#Level:Host|#hostname:DESKTOP-M930GPA,timestamp:1702286088
2023-12-11T10:14:48,080 - DiskUsage.Gigabytes:68.2608642578125|#Level:Host|#hostname:DESKTOP-M930GPA,timestamp:1702286088
2023-12-11T10:14:48,080 - DiskUtilization.Percent:7.1|#Level:Host|#hostname:DESKTOP-M930GPA,timestamp:1702286088
2023-12-11T10:14:48,080 - MemoryAvailable.Megabytes:179.01953125|#Level:Host|#hostname:DESKTOP-M930GPA,timestamp:1702286088
2023-12-11T10:14:48,080 - MemoryUsed.Megabytes:7206.98046875|#Level:Host|#hostname:DESKTOP-M930GPA,timestamp:1702286088
2023-12-11T10:14:48,080 - MemoryUtilization.Percent:97.7|#Level:Host|#hostname:DESKTOP-M930GPA,timestamp:1702286088
2023-12-11T10:15:47,893 - CPUUtilization.Percent:0.0|#Level:Host|#hostname:DESKTOP-M930GPA,timestamp:1702286147
2023-12-11T10:15:47,894 - DiskAvailable.Gigabytes:887.37744140625|#Level:Host|#hostname:DESKTOP-M930GPA,timestamp:1702286147
2023-12-11T10:15:47,894 - DiskUsage.Gigabytes:68.26086807250977|#Level:Host|#hostname:DESKTOP-M930GPA,timestamp:1702286147
2023-12-11T10:15:47,894 - DiskUtilization.Percent:7.1|#Level:Host|#hostname:DESKTOP-M930GPA,timestamp:1702286147
2023-12-11T10:15:47,894 - MemoryAvailable.Megabytes:1463.45703125|#Level:Host|#hostname:DESKTOP-M930GPA,timestamp:1702286147
2023-12-11T10:15:47,894 - MemoryUsed.Megabytes:5976.69921875|#Level:Host|#hostname:DESKTOP-M930GPA,timestamp:1702286147
2023-12-11T10:15:47,895 - MemoryUtilization.Percent:80.9|#Level:Host|#hostname:DESKTOP-M930GPA,timestamp:1702286147
2023-12-11T10:16:47,822 - CPUUtilization.Percent:0.0|#Level:Host|#hostname:DESKTOP-M930GPA,timestamp:1702286207
2023-12-11T10:16:47,835 - DiskAvailable.Gigabytes:887.3774337768555|#Level:Host|#hostname:DESKTOP-M930GPA,timestamp:1702286207
2023-12-11T10:16:47,835 - DiskUsage.Gigabytes:68.2608757019043|#Level:Host|#hostname:DESKTOP-M930GPA,timestamp:1702286207
2023-12-11T10:16:47,835 - DiskUtilization.Percent:7.1|#Level:Host|#hostname:DESKTOP-M930GPA,timestamp:1702286207
2023-12-11T10:16:47,835 - MemoryAvailable.Megabytes:1451.80078125|#Level:Host|#hostname:DESKTOP-M930GPA,timestamp:1702286207
2023-12-11T10:16:47,836 - MemoryUsed.Megabytes:5983.89453125|#Level:Host|#hostname:DESKTOP-M930GPA,timestamp:1702286207
2023-12-11T10:16:47,836 - MemoryUtilization.Percent:81.0|#Level:Host|#hostname:DESKTOP-M930GPA,timestamp:1702286207
2023-12-11T10:17:47,815 - CPUUtilization.Percent:0.0|#Level:Host|#hostname:DESKTOP-M930GPA,timestamp:1702286267
2023-12-11T10:17:47,815 - DiskAvailable.Gigabytes:887.3774337768555|#Level:Host|#hostname:DESKTOP-M930GPA,timestamp:1702286267
2023-12-11T10:17:47,815 - DiskUsage.Gigabytes:68.2608757019043|#Level:Host|#hostname:DESKTOP-M930GPA,timestamp:1702286267
2023-12-11T10:17:47,815 - DiskUtilization.Percent:7.1|#Level:Host|#hostname:DESKTOP-M930GPA,timestamp:1702286267
2023-12-11T10:17:47,815 - MemoryAvailable.Megabytes:1451.0625|#Level:Host|#hostname:DESKTOP-M930GPA,timestamp:1702286267
2023-12-11T10:17:47,816 - MemoryUsed.Megabytes:5983.3125|#Level:Host|#hostname:DESKTOP-M930GPA,timestamp:1702286267
2023-12-11T10:17:47,816 - MemoryUtilization.Percent:81.0|#Level:Host|#hostname:DESKTOP-M930GPA,timestamp:1702286267
2023-12-11T10:18:47,817 - CPUUtilization.Percent:0.0|#Level:Host|#hostname:DESKTOP-M930GPA,timestamp:1702286327
2023-12-11T10:18:47,818 - DiskAvailable.Gigabytes:887.3774337768555|#Level:Host|#hostname:DESKTOP-M930GPA,timestamp:1702286327
2023-12-11T10:18:47,818 - DiskUsage.Gigabytes:68.2608757019043|#Level:Host|#hostname:DESKTOP-M930GPA,timestamp:1702286327
2023-12-11T10:18:47,818 - DiskUtilization.Percent:7.1|#Level:Host|#hostname:DESKTOP-M930GPA,timestamp:1702286327
2023-12-11T10:18:47,818 - MemoryAvailable.Megabytes:1451.8125|#Level:Host|#hostname:DESKTOP-M930GPA,timestamp:1702286327
2023-12-11T10:18:47,818 - MemoryUsed.Megabytes:5982.50390625|#Level:Host|#hostname:DESKTOP-M930GPA,timestamp:1702286327
2023-12-11T10:18:47,818 - MemoryUtilization.Percent:81.0|#Level:Host|#hostname:DESKTOP-M930GPA,timestamp:1702286327
2023-12-11T10:19:47,814 - CPUUtilization.Percent:0.0|#Level:Host|#hostname:DESKTOP-M930GPA,timestamp:1702286387
2023-12-11T10:19:47,814 - DiskAvailable.Gigabytes:887.3774337768555|#Level:Host|#hostname:DESKTOP-M930GPA,timestamp:1702286387
2023-12-11T10:19:47,814 - DiskUsage.Gigabytes:68.2608757019043|#Level:Host|#hostname:DESKTOP-M930GPA,timestamp:1702286387
2023-12-11T10:19:47,815 - DiskUtilization.Percent:7.1|#Level:Host|#hostname:DESKTOP-M930GPA,timestamp:1702286387
2023-12-11T10:19:47,815 - MemoryAvailable.Megabytes:1449.81640625|#Level:Host|#hostname:DESKTOP-M930GPA,timestamp:1702286387
2023-12-11T10:19:47,815 - MemoryUsed.Megabytes:5984.48828125|#Level:Host|#hostname:DESKTOP-M930GPA,timestamp:1702286387
2023-12-11T10:19:47,815 - MemoryUtilization.Percent:81.0|#Level:Host|#hostname:DESKTOP-M930GPA,timestamp:1702286387
2023-12-11T10:20:47,816 - CPUUtilization.Percent:33.3|#Level:Host|#hostname:DESKTOP-M930GPA,timestamp:1702286447
2023-12-11T10:20:47,818 - DiskAvailable.Gigabytes:887.3774261474609|#Level:Host|#hostname:DESKTOP-M930GPA,timestamp:1702286447
2023-12-11T10:20:47,818 - DiskUsage.Gigabytes:68.26088333129883|#Level:Host|#hostname:DESKTOP-M930GPA,timestamp:1702286447
2023-12-11T10:20:47,818 - DiskUtilization.Percent:7.1|#Level:Host|#hostname:DESKTOP-M930GPA,timestamp:1702286447
2023-12-11T10:20:47,818 - MemoryAvailable.Megabytes:1448.765625|#Level:Host|#hostname:DESKTOP-M930GPA,timestamp:1702286447
2023-12-11T10:20:47,818 - MemoryUsed.Megabytes:5985.5|#Level:Host|#hostname:DESKTOP-M930GPA,timestamp:1702286447
2023-12-11T10:20:47,818 - MemoryUtilization.Percent:81.0|#Level:Host|#hostname:DESKTOP-M930GPA,timestamp:1702286447
2023-12-11T10:21:47,816 - CPUUtilization.Percent:50.0|#Level:Host|#hostname:DESKTOP-M930GPA,timestamp:1702286507
2023-12-11T10:21:47,816 - DiskAvailable.Gigabytes:887.3774261474609|#Level:Host|#hostname:DESKTOP-M930GPA,timestamp:1702286507
2023-12-11T10:21:47,816 - DiskUsage.Gigabytes:68.26088333129883|#Level:Host|#hostname:DESKTOP-M930GPA,timestamp:1702286507
2023-12-11T10:21:47,816 - DiskUtilization.Percent:7.1|#Level:Host|#hostname:DESKTOP-M930GPA,timestamp:1702286507
2023-12-11T10:21:47,816 - MemoryAvailable.Megabytes:1443.2421875|#Level:Host|#hostname:DESKTOP-M930GPA,timestamp:1702286507
2023-12-11T10:21:47,816 - MemoryUsed.Megabytes:5990.75|#Level:Host|#hostname:DESKTOP-M930GPA,timestamp:1702286507
2023-12-11T10:21:47,817 - MemoryUtilization.Percent:81.1|#Level:Host|#hostname:DESKTOP-M930GPA,timestamp:1702286507
2023-12-11T10:22:47,817 - CPUUtilization.Percent:0.0|#Level:Host|#hostname:DESKTOP-M930GPA,timestamp:1702286567
2023-12-11T10:22:47,817 - DiskAvailable.Gigabytes:887.3774261474609|#Level:Host|#hostname:DESKTOP-M930GPA,timestamp:1702286567
2023-12-11T10:22:47,817 - DiskUsage.Gigabytes:68.26088333129883|#Level:Host|#hostname:DESKTOP-M930GPA,timestamp:1702286567
2023-12-11T10:22:47,818 - DiskUtilization.Percent:7.1|#Level:Host|#hostname:DESKTOP-M930GPA,timestamp:1702286567
2023-12-11T10:22:47,818 - MemoryAvailable.Megabytes:1446.296875|#Level:Host|#hostname:DESKTOP-M930GPA,timestamp:1702286567
2023-12-11T10:22:47,818 - MemoryUsed.Megabytes:5987.6875|#Level:Host|#hostname:DESKTOP-M930GPA,timestamp:1702286567
2023-12-11T10:22:47,818 - MemoryUtilization.Percent:81.1|#Level:Host|#hostname:DESKTOP-M930GPA,timestamp:1702286567
2023-12-11T10:23:47,843 - CPUUtilization.Percent:0.0|#Level:Host|#hostname:DESKTOP-M930GPA,timestamp:1702286627
2023-12-11T10:23:47,844 - DiskAvailable.Gigabytes:887.3774185180664|#Level:Host|#hostname:DESKTOP-M930GPA,timestamp:1702286627
2023-12-11T10:23:47,845 - DiskUsage.Gigabytes:68.26089096069336|#Level:Host|#hostname:DESKTOP-M930GPA,timestamp:1702286627
2023-12-11T10:23:47,845 - DiskUtilization.Percent:7.1|#Level:Host|#hostname:DESKTOP-M930GPA,timestamp:1702286627
2023-12-11T10:23:47,845 - MemoryAvailable.Megabytes:1486.6953125|#Level:Host|#hostname:DESKTOP-M930GPA,timestamp:1702286627
2023-12-11T10:23:47,845 - MemoryUsed.Megabytes:5951.94140625|#Level:Host|#hostname:DESKTOP-M930GPA,timestamp:1702286627
2023-12-11T10:23:47,845 - MemoryUtilization.Percent:80.6|#Level:Host|#hostname:DESKTOP-M930GPA,timestamp:1702286627
2023-12-11T10:24:47,819 - CPUUtilization.Percent:0.0|#Level:Host|#hostname:DESKTOP-M930GPA,timestamp:1702286687
2023-12-11T10:24:47,820 - DiskAvailable.Gigabytes:887.3773956298828|#Level:Host|#hostname:DESKTOP-M930GPA,timestamp:1702286687
2023-12-11T10:24:47,820 - DiskUsage.Gigabytes:68.26091384887695|#Level:Host|#hostname:DESKTOP-M930GPA,timestamp:1702286687
2023-12-11T10:24:47,820 - DiskUtilization.Percent:7.1|#Level:Host|#hostname:DESKTOP-M930GPA,timestamp:1702286687
2023-12-11T10:24:47,820 - MemoryAvailable.Megabytes:1339.640625|#Level:Host|#hostname:DESKTOP-M930GPA,timestamp:1702286687
2023-12-11T10:24:47,820 - MemoryUsed.Megabytes:6054.78125|#Level:Host|#hostname:DESKTOP-M930GPA,timestamp:1702286687
2023-12-11T10:24:47,820 - MemoryUtilization.Percent:82.5|#Level:Host|#hostname:DESKTOP-M930GPA,timestamp:1702286687
2023-12-11T10:25:47,876 - CPUUtilization.Percent:0.0|#Level:Host|#hostname:DESKTOP-M930GPA,timestamp:1702286747
2023-12-11T10:25:47,877 - DiskAvailable.Gigabytes:887.3773765563965|#Level:Host|#hostname:DESKTOP-M930GPA,timestamp:1702286747
2023-12-11T10:25:47,877 - DiskUsage.Gigabytes:68.26093292236328|#Level:Host|#hostname:DESKTOP-M930GPA,timestamp:1702286747
2023-12-11T10:25:47,877 - DiskUtilization.Percent:7.1|#Level:Host|#hostname:DESKTOP-M930GPA,timestamp:1702286747
2023-12-11T10:25:47,877 - MemoryAvailable.Megabytes:842.1640625|#Level:Host|#hostname:DESKTOP-M930GPA,timestamp:1702286747
2023-12-11T10:25:47,877 - MemoryUsed.Megabytes:6566.7734375|#Level:Host|#hostname:DESKTOP-M930GPA,timestamp:1702286747
2023-12-11T10:25:47,877 - MemoryUtilization.Percent:89.0|#Level:Host|#hostname:DESKTOP-M930GPA,timestamp:1702286747
2023-12-11T10:26:47,842 - CPUUtilization.Percent:0.0|#Level:Host|#hostname:DESKTOP-M930GPA,timestamp:1702286807
2023-12-11T10:26:47,843 - DiskAvailable.Gigabytes:887.3773651123047|#Level:Host|#hostname:DESKTOP-M930GPA,timestamp:1702286807
2023-12-11T10:26:47,843 - DiskUsage.Gigabytes:68.26094436645508|#Level:Host|#hostname:DESKTOP-M930GPA,timestamp:1702286807
2023-12-11T10:26:47,843 - DiskUtilization.Percent:7.1|#Level:Host|#hostname:DESKTOP-M930GPA,timestamp:1702286807
2023-12-11T10:26:47,844 - MemoryAvailable.Megabytes:2567.28515625|#Level:Host|#hostname:DESKTOP-M930GPA,timestamp:1702286807
2023-12-11T10:26:47,844 - MemoryUsed.Megabytes:4873.8203125|#Level:Host|#hostname:DESKTOP-M930GPA,timestamp:1702286807
2023-12-11T10:26:47,844 - MemoryUtilization.Percent:66.4|#Level:Host|#hostname:DESKTOP-M930GPA,timestamp:1702286807
2023-12-11T10:27:47,829 - CPUUtilization.Percent:0.0|#Level:Host|#hostname:DESKTOP-M930GPA,timestamp:1702286867
2023-12-11T10:27:47,830 - DiskAvailable.Gigabytes:887.3773651123047|#Level:Host|#hostname:DESKTOP-M930GPA,timestamp:1702286867
2023-12-11T10:27:47,830 - DiskUsage.Gigabytes:68.26094436645508|#Level:Host|#hostname:DESKTOP-M930GPA,timestamp:1702286867
2023-12-11T10:27:47,830 - DiskUtilization.Percent:7.1|#Level:Host|#hostname:DESKTOP-M930GPA,timestamp:1702286867
2023-12-11T10:27:47,830 - MemoryAvailable.Megabytes:2552.4140625|#Level:Host|#hostname:DESKTOP-M930GPA,timestamp:1702286867
2023-12-11T10:27:47,830 - MemoryUsed.Megabytes:4886.96484375|#Level:Host|#hostname:DESKTOP-M930GPA,timestamp:1702286867
2023-12-11T10:27:47,830 - MemoryUtilization.Percent:66.6|#Level:Host|#hostname:DESKTOP-M930GPA,timestamp:1702286867
2023-12-11T10:28:47,817 - CPUUtilization.Percent:0.0|#Level:Host|#hostname:DESKTOP-M930GPA,timestamp:1702286927
2023-12-11T10:28:47,817 - DiskAvailable.Gigabytes:887.3773612976074|#Level:Host|#hostname:DESKTOP-M930GPA,timestamp:1702286927
2023-12-11T10:28:47,817 - DiskUsage.Gigabytes:68.26094818115234|#Level:Host|#hostname:DESKTOP-M930GPA,timestamp:1702286927
2023-12-11T10:28:47,817 - DiskUtilization.Percent:7.1|#Level:Host|#hostname:DESKTOP-M930GPA,timestamp:1702286927
2023-12-11T10:28:47,817 - MemoryAvailable.Megabytes:2549.80859375|#Level:Host|#hostname:DESKTOP-M930GPA,timestamp:1702286927
2023-12-11T10:28:47,817 - MemoryUsed.Megabytes:4888.3515625|#Level:Host|#hostname:DESKTOP-M930GPA,timestamp:1702286927
2023-12-11T10:28:47,817 - MemoryUtilization.Percent:66.6|#Level:Host|#hostname:DESKTOP-M930GPA,timestamp:1702286927
2023-12-11T10:29:47,815 - CPUUtilization.Percent:50.0|#Level:Host|#hostname:DESKTOP-M930GPA,timestamp:1702286987
2023-12-11T10:29:47,816 - DiskAvailable.Gigabytes:887.3773612976074|#Level:Host|#hostname:DESKTOP-M930GPA,timestamp:1702286987
2023-12-11T10:29:47,816 - DiskUsage.Gigabytes:68.26094818115234|#Level:Host|#hostname:DESKTOP-M930GPA,timestamp:1702286987
2023-12-11T10:29:47,816 - DiskUtilization.Percent:7.1|#Level:Host|#hostname:DESKTOP-M930GPA,timestamp:1702286987
2023-12-11T10:29:47,816 - MemoryAvailable.Megabytes:2541.80859375|#Level:Host|#hostname:DESKTOP-M930GPA,timestamp:1702286987
2023-12-11T10:29:47,817 - MemoryUsed.Megabytes:4896.140625|#Level:Host|#hostname:DESKTOP-M930GPA,timestamp:1702286987
2023-12-11T10:29:47,817 - MemoryUtilization.Percent:66.7|#Level:Host|#hostname:DESKTOP-M930GPA,timestamp:1702286987
2023-12-11T10:30:47,815 - CPUUtilization.Percent:0.0|#Level:Host|#hostname:DESKTOP-M930GPA,timestamp:1702287047
2023-12-11T10:30:47,815 - DiskAvailable.Gigabytes:887.3773574829102|#Level:Host|#hostname:DESKTOP-M930GPA,timestamp:1702287047
2023-12-11T10:30:47,815 - DiskUsage.Gigabytes:68.26095199584961|#Level:Host|#hostname:DESKTOP-M930GPA,timestamp:1702287047
2023-12-11T10:30:47,815 - DiskUtilization.Percent:7.1|#Level:Host|#hostname:DESKTOP-M930GPA,timestamp:1702287047
2023-12-11T10:30:47,815 - MemoryAvailable.Megabytes:2519.98828125|#Level:Host|#hostname:DESKTOP-M930GPA,timestamp:1702287047
2023-12-11T10:30:47,815 - MemoryUsed.Megabytes:4908.609375|#Level:Host|#hostname:DESKTOP-M930GPA,timestamp:1702287047
2023-12-11T10:30:47,815 - MemoryUtilization.Percent:67.0|#Level:Host|#hostname:DESKTOP-M930GPA,timestamp:1702287047
2023-12-11T10:31:47,816 - CPUUtilization.Percent:25.0|#Level:Host|#hostname:DESKTOP-M930GPA,timestamp:1702287107
2023-12-11T10:31:47,816 - DiskAvailable.Gigabytes:887.3773574829102|#Level:Host|#hostname:DESKTOP-M930GPA,timestamp:1702287107
2023-12-11T10:31:47,816 - DiskUsage.Gigabytes:68.26095199584961|#Level:Host|#hostname:DESKTOP-M930GPA,timestamp:1702287107
2023-12-11T10:31:47,816 - DiskUtilization.Percent:7.1|#Level:Host|#hostname:DESKTOP-M930GPA,timestamp:1702287107
2023-12-11T10:31:47,816 - MemoryAvailable.Megabytes:2512.1640625|#Level:Host|#hostname:DESKTOP-M930GPA,timestamp:1702287107
2023-12-11T10:31:47,816 - MemoryUsed.Megabytes:4916.30078125|#Level:Host|#hostname:DESKTOP-M930GPA,timestamp:1702287107
2023-12-11T10:31:47,816 - MemoryUtilization.Percent:67.1|#Level:Host|#hostname:DESKTOP-M930GPA,timestamp:1702287107
2023-12-11T10:32:47,819 - CPUUtilization.Percent:0.0|#Level:Host|#hostname:DESKTOP-M930GPA,timestamp:1702287167
2023-12-11T10:32:47,819 - DiskAvailable.Gigabytes:887.3773536682129|#Level:Host|#hostname:DESKTOP-M930GPA,timestamp:1702287167
2023-12-11T10:32:47,819 - DiskUsage.Gigabytes:68.26095581054688|#Level:Host|#hostname:DESKTOP-M930GPA,timestamp:1702287167
2023-12-11T10:32:47,819 - DiskUtilization.Percent:7.1|#Level:Host|#hostname:DESKTOP-M930GPA,timestamp:1702287167
2023-12-11T10:32:47,819 - MemoryAvailable.Megabytes:2513.9609375|#Level:Host|#hostname:DESKTOP-M930GPA,timestamp:1702287167
2023-12-11T10:32:47,819 - MemoryUsed.Megabytes:4914.4765625|#Level:Host|#hostname:DESKTOP-M930GPA,timestamp:1702287167
2023-12-11T10:32:47,819 - MemoryUtilization.Percent:67.1|#Level:Host|#hostname:DESKTOP-M930GPA,timestamp:1702287167
2023-12-11T10:33:47,827 - CPUUtilization.Percent:25.0|#Level:Host|#hostname:DESKTOP-M930GPA,timestamp:1702287227
2023-12-11T10:33:47,828 - DiskAvailable.Gigabytes:887.3773536682129|#Level:Host|#hostname:DESKTOP-M930GPA,timestamp:1702287227
2023-12-11T10:33:47,828 - DiskUsage.Gigabytes:68.26095581054688|#Level:Host|#hostname:DESKTOP-M930GPA,timestamp:1702287227
2023-12-11T10:33:47,828 - DiskUtilization.Percent:7.1|#Level:Host|#hostname:DESKTOP-M930GPA,timestamp:1702287227
2023-12-11T10:33:47,828 - MemoryAvailable.Megabytes:2509.16015625|#Level:Host|#hostname:DESKTOP-M930GPA,timestamp:1702287227
2023-12-11T10:33:47,828 - MemoryUsed.Megabytes:4919.1171875|#Level:Host|#hostname:DESKTOP-M930GPA,timestamp:1702287227
2023-12-11T10:33:47,828 - MemoryUtilization.Percent:67.2|#Level:Host|#hostname:DESKTOP-M930GPA,timestamp:1702287227
2023-12-11T10:34:47,991 - CPUUtilization.Percent:18.2|#Level:Host|#hostname:DESKTOP-M930GPA,timestamp:1702287287
2023-12-11T10:34:47,993 - DiskAvailable.Gigabytes:887.3773422241211|#Level:Host|#hostname:DESKTOP-M930GPA,timestamp:1702287287
2023-12-11T10:34:47,993 - DiskUsage.Gigabytes:68.26096725463867|#Level:Host|#hostname:DESKTOP-M930GPA,timestamp:1702287287
2023-12-11T10:34:47,993 - DiskUtilization.Percent:7.1|#Level:Host|#hostname:DESKTOP-M930GPA,timestamp:1702287287
2023-12-11T10:34:47,993 - MemoryAvailable.Megabytes:881.765625|#Level:Host|#hostname:DESKTOP-M930GPA,timestamp:1702287287
2023-12-11T10:34:47,993 - MemoryUsed.Megabytes:6572.3125|#Level:Host|#hostname:DESKTOP-M930GPA,timestamp:1702287287
2023-12-11T10:34:47,993 - MemoryUtilization.Percent:88.5|#Level:Host|#hostname:DESKTOP-M930GPA,timestamp:1702287287
2023-12-11T10:35:47,821 - CPUUtilization.Percent:0.0|#Level:Host|#hostname:DESKTOP-M930GPA,timestamp:1702287347
2023-12-11T10:35:47,821 - DiskAvailable.Gigabytes:887.3773193359375|#Level:Host|#hostname:DESKTOP-M930GPA,timestamp:1702287347
2023-12-11T10:35:47,821 - DiskUsage.Gigabytes:68.26099014282227|#Level:Host|#hostname:DESKTOP-M930GPA,timestamp:1702287347
2023-12-11T10:35:47,822 - DiskUtilization.Percent:7.1|#Level:Host|#hostname:DESKTOP-M930GPA,timestamp:1702287347
2023-12-11T10:35:47,822 - MemoryAvailable.Megabytes:841.625|#Level:Host|#hostname:DESKTOP-M930GPA,timestamp:1702287347
2023-12-11T10:35:47,822 - MemoryUsed.Megabytes:6580.48828125|#Level:Host|#hostname:DESKTOP-M930GPA,timestamp:1702287347
2023-12-11T10:35:47,822 - MemoryUtilization.Percent:89.0|#Level:Host|#hostname:DESKTOP-M930GPA,timestamp:1702287347
2023-12-11T10:36:47,842 - CPUUtilization.Percent:0.0|#Level:Host|#hostname:DESKTOP-M930GPA,timestamp:1702287407
2023-12-11T10:36:47,844 - DiskAvailable.Gigabytes:887.3773078918457|#Level:Host|#hostname:DESKTOP-M930GPA,timestamp:1702287407
2023-12-11T10:36:47,844 - DiskUsage.Gigabytes:68.26100158691406|#Level:Host|#hostname:DESKTOP-M930GPA,timestamp:1702287407
2023-12-11T10:36:47,845 - DiskUtilization.Percent:7.1|#Level:Host|#hostname:DESKTOP-M930GPA,timestamp:1702287407
2023-12-11T10:36:47,845 - MemoryAvailable.Megabytes:2558.8203125|#Level:Host|#hostname:DESKTOP-M930GPA,timestamp:1702287407
2023-12-11T10:36:47,845 - MemoryUsed.Megabytes:4882.91015625|#Level:Host|#hostname:DESKTOP-M930GPA,timestamp:1702287407
2023-12-11T10:36:47,845 - MemoryUtilization.Percent:66.5|#Level:Host|#hostname:DESKTOP-M930GPA,timestamp:1702287407
2023-12-11T10:37:48,053 - CPUUtilization.Percent:0.0|#Level:Host|#hostname:DESKTOP-M930GPA,timestamp:1702287468
2023-12-11T10:37:48,055 - DiskAvailable.Gigabytes:887.3772964477539|#Level:Host|#hostname:DESKTOP-M930GPA,timestamp:1702287468
2023-12-11T10:37:48,055 - DiskUsage.Gigabytes:68.26101303100586|#Level:Host|#hostname:DESKTOP-M930GPA,timestamp:1702287468
2023-12-11T10:37:48,055 - DiskUtilization.Percent:7.1|#Level:Host|#hostname:DESKTOP-M930GPA,timestamp:1702287468
2023-12-11T10:37:48,055 - MemoryAvailable.Megabytes:1038.3046875|#Level:Host|#hostname:DESKTOP-M930GPA,timestamp:1702287468
2023-12-11T10:37:48,056 - MemoryUsed.Megabytes:6364.1640625|#Level:Host|#hostname:DESKTOP-M930GPA,timestamp:1702287468
2023-12-11T10:37:48,056 - MemoryUtilization.Percent:86.4|#Level:Host|#hostname:DESKTOP-M930GPA,timestamp:1702287468
2023-12-11T10:38:47,823 - CPUUtilization.Percent:0.0|#Level:Host|#hostname:DESKTOP-M930GPA,timestamp:1702287527
2023-12-11T10:38:47,823 - DiskAvailable.Gigabytes:887.3772964477539|#Level:Host|#hostname:DESKTOP-M930GPA,timestamp:1702287527
2023-12-11T10:38:47,823 - DiskUsage.Gigabytes:68.26101303100586|#Level:Host|#hostname:DESKTOP-M930GPA,timestamp:1702287527
2023-12-11T10:38:47,823 - DiskUtilization.Percent:7.1|#Level:Host|#hostname:DESKTOP-M930GPA,timestamp:1702287527
2023-12-11T10:38:47,823 - MemoryAvailable.Megabytes:1028.5703125|#Level:Host|#hostname:DESKTOP-M930GPA,timestamp:1702287527
2023-12-11T10:38:47,823 - MemoryUsed.Megabytes:6371.0234375|#Level:Host|#hostname:DESKTOP-M930GPA,timestamp:1702287527
2023-12-11T10:38:47,824 - MemoryUtilization.Percent:86.5|#Level:Host|#hostname:DESKTOP-M930GPA,timestamp:1702287527
2023-12-11T10:39:47,858 - CPUUtilization.Percent:0.0|#Level:Host|#hostname:DESKTOP-M930GPA,timestamp:1702287587
2023-12-11T10:39:47,862 - DiskAvailable.Gigabytes:887.3772926330566|#Level:Host|#hostname:DESKTOP-M930GPA,timestamp:1702287587
2023-12-11T10:39:47,863 - DiskUsage.Gigabytes:68.26101684570312|#Level:Host|#hostname:DESKTOP-M930GPA,timestamp:1702287587
2023-12-11T10:39:47,863 - DiskUtilization.Percent:7.1|#Level:Host|#hostname:DESKTOP-M930GPA,timestamp:1702287587
2023-12-11T10:39:47,863 - MemoryAvailable.Megabytes:1004.7265625|#Level:Host|#hostname:DESKTOP-M930GPA,timestamp:1702287587
2023-12-11T10:39:47,863 - MemoryUsed.Megabytes:6394.3203125|#Level:Host|#hostname:DESKTOP-M930GPA,timestamp:1702287587
2023-12-11T10:39:47,863 - MemoryUtilization.Percent:86.9|#Level:Host|#hostname:DESKTOP-M930GPA,timestamp:1702287587
2023-12-11T10:40:47,814 - CPUUtilization.Percent:0.0|#Level:Host|#hostname:DESKTOP-M930GPA,timestamp:1702287647
2023-12-11T10:40:47,814 - DiskAvailable.Gigabytes:887.3772888183594|#Level:Host|#hostname:DESKTOP-M930GPA,timestamp:1702287647
2023-12-11T10:40:47,814 - DiskUsage.Gigabytes:68.26102066040039|#Level:Host|#hostname:DESKTOP-M930GPA,timestamp:1702287647
2023-12-11T10:40:47,814 - DiskUtilization.Percent:7.1|#Level:Host|#hostname:DESKTOP-M930GPA,timestamp:1702287647
2023-12-11T10:40:47,814 - MemoryAvailable.Megabytes:997.55078125|#Level:Host|#hostname:DESKTOP-M930GPA,timestamp:1702287647
2023-12-11T10:40:47,815 - MemoryUsed.Megabytes:6401.09765625|#Level:Host|#hostname:DESKTOP-M930GPA,timestamp:1702287647
2023-12-11T10:40:47,815 - MemoryUtilization.Percent:87.0|#Level:Host|#hostname:DESKTOP-M930GPA,timestamp:1702287647
2023-12-11T10:41:47,813 - CPUUtilization.Percent:0.0|#Level:Host|#hostname:DESKTOP-M930GPA,timestamp:1702287707
2023-12-11T10:41:47,814 - DiskAvailable.Gigabytes:887.3772888183594|#Level:Host|#hostname:DESKTOP-M930GPA,timestamp:1702287707
2023-12-11T10:41:47,814 - DiskUsage.Gigabytes:68.26102066040039|#Level:Host|#hostname:DESKTOP-M930GPA,timestamp:1702287707
2023-12-11T10:41:47,814 - DiskUtilization.Percent:7.1|#Level:Host|#hostname:DESKTOP-M930GPA,timestamp:1702287707
2023-12-11T10:41:47,814 - MemoryAvailable.Megabytes:994.5546875|#Level:Host|#hostname:DESKTOP-M930GPA,timestamp:1702287707
2023-12-11T10:41:47,814 - MemoryUsed.Megabytes:6403.62109375|#Level:Host|#hostname:DESKTOP-M930GPA,timestamp:1702287707
2023-12-11T10:41:47,814 - MemoryUtilization.Percent:87.0|#Level:Host|#hostname:DESKTOP-M930GPA,timestamp:1702287707
2023-12-11T10:41:51,827 - Requests2XX.Count:1.0|#Level:Host|#hostname:DESKTOP-M930GPA,timestamp:1702287711
2023-12-11T14:01:43,664 - CPUUtilization.Percent:0.0|#Level:Host|#hostname:DESKTOP-M930GPA,timestamp:1702299703
2023-12-11T14:01:43,666 - DiskAvailable.Gigabytes:887.3742027282715|#Level:Host|#hostname:DESKTOP-M930GPA,timestamp:1702299703
2023-12-11T14:01:43,667 - DiskUsage.Gigabytes:68.26410675048828|#Level:Host|#hostname:DESKTOP-M930GPA,timestamp:1702299703
2023-12-11T14:01:43,667 - DiskUtilization.Percent:7.1|#Level:Host|#hostname:DESKTOP-M930GPA,timestamp:1702299703
2023-12-11T14:01:43,667 - GPUMemoryUtilization.Percent:0.0|#Level:Host,DeviceId:0|#hostname:DESKTOP-M930GPA,timestamp:1702299703
2023-12-11T14:01:43,667 - GPUMemoryUsed.Megabytes:0.0|#Level:Host,DeviceId:0|#hostname:DESKTOP-M930GPA,timestamp:1702299703
2023-12-11T14:01:43,667 - GPUUtilization.Percent:0.0|#Level:Host,DeviceId:0|#hostname:DESKTOP-M930GPA,timestamp:1702299703
2023-12-11T14:01:43,668 - MemoryAvailable.Megabytes:4708.2421875|#Level:Host|#hostname:DESKTOP-M930GPA,timestamp:1702299703
2023-12-11T14:01:43,668 - MemoryUsed.Megabytes:2684.40234375|#Level:Host|#hostname:DESKTOP-M930GPA,timestamp:1702299703
2023-12-11T14:01:43,668 - MemoryUtilization.Percent:38.4|#Level:Host|#hostname:DESKTOP-M930GPA,timestamp:1702299703
2023-12-11T14:01:46,036 - WorkerLoadTime.Milliseconds:4553.0|#WorkerName:W-9000-CassavaModel_1.0,Level:Host|#hostname:DESKTOP-M930GPA,timestamp:1702299706
2023-12-11T14:01:46,036 - WorkerThreadTime.Milliseconds:24.0|#Level:Host|#hostname:DESKTOP-M930GPA,timestamp:1702299706
2023-12-11T14:01:49,366 - Requests2XX.Count:1.0|#Level:Host|#hostname:DESKTOP-M930GPA,timestamp:1702299709
2023-12-11T14:01:52,377 - ts_inference_requests_total.Count:1.0|#model_name:CassavaModel,model_version:default|#hostname:DESKTOP-M930GPA,timestamp:1702299712
2023-12-11T14:01:53,185 - Requests2XX.Count:1.0|#Level:Host|#hostname:DESKTOP-M930GPA,timestamp:1702299713
2023-12-11T14:01:53,185 - ts_inference_latency_microseconds.Microseconds:806616.252|#model_name:CassavaModel,model_version:default|#hostname:DESKTOP-M930GPA,timestamp:1702299713
2023-12-11T14:01:53,185 - ts_queue_latency_microseconds.Microseconds:150.959|#model_name:CassavaModel,model_version:default|#hostname:DESKTOP-M930GPA,timestamp:1702299713
2023-12-11T14:01:53,185 - QueueTime.Milliseconds:0.0|#Level:Host|#hostname:DESKTOP-M930GPA,timestamp:1702299713
2023-12-11T14:01:53,186 - WorkerThreadTime.Milliseconds:3.0|#Level:Host|#hostname:DESKTOP-M930GPA,timestamp:1702299713
2023-12-11T14:02:42,494 - CPUUtilization.Percent:0.0|#Level:Host|#hostname:DESKTOP-M930GPA,timestamp:1702299762
2023-12-11T14:02:42,494 - DiskAvailable.Gigabytes:887.3741722106934|#Level:Host|#hostname:DESKTOP-M930GPA,timestamp:1702299762
2023-12-11T14:02:42,494 - DiskUsage.Gigabytes:68.2641372680664|#Level:Host|#hostname:DESKTOP-M930GPA,timestamp:1702299762
2023-12-11T14:02:42,495 - DiskUtilization.Percent:7.1|#Level:Host|#hostname:DESKTOP-M930GPA,timestamp:1702299762
2023-12-11T14:02:42,495 - GPUMemoryUtilization.Percent:2.9541015625|#Level:Host,DeviceId:0|#hostname:DESKTOP-M930GPA,timestamp:1702299762
2023-12-11T14:02:42,495 - GPUMemoryUsed.Megabytes:242.0|#Level:Host,DeviceId:0|#hostname:DESKTOP-M930GPA,timestamp:1702299762
2023-12-11T14:02:42,495 - GPUUtilization.Percent:0.0|#Level:Host,DeviceId:0|#hostname:DESKTOP-M930GPA,timestamp:1702299762
2023-12-11T14:02:42,495 - MemoryAvailable.Megabytes:4240.85546875|#Level:Host|#hostname:DESKTOP-M930GPA,timestamp:1702299762
2023-12-11T14:02:42,495 - MemoryUsed.Megabytes:3069.2421875|#Level:Host|#hostname:DESKTOP-M930GPA,timestamp:1702299762
2023-12-11T14:02:42,495 - MemoryUtilization.Percent:44.5|#Level:Host|#hostname:DESKTOP-M930GPA,timestamp:1702299762
2023-12-11T14:03:42,593 - CPUUtilization.Percent:0.0|#Level:Host|#hostname:DESKTOP-M930GPA,timestamp:1702299822
2023-12-11T14:03:42,594 - DiskAvailable.Gigabytes:887.3741683959961|#Level:Host|#hostname:DESKTOP-M930GPA,timestamp:1702299822
2023-12-11T14:03:42,594 - DiskUsage.Gigabytes:68.26414108276367|#Level:Host|#hostname:DESKTOP-M930GPA,timestamp:1702299822
2023-12-11T14:03:42,594 - DiskUtilization.Percent:7.1|#Level:Host|#hostname:DESKTOP-M930GPA,timestamp:1702299822
2023-12-11T14:03:42,594 - GPUMemoryUtilization.Percent:2.9541015625|#Level:Host,DeviceId:0|#hostname:DESKTOP-M930GPA,timestamp:1702299822
2023-12-11T14:03:42,594 - GPUMemoryUsed.Megabytes:242.0|#Level:Host,DeviceId:0|#hostname:DESKTOP-M930GPA,timestamp:1702299822
2023-12-11T14:03:42,595 - GPUUtilization.Percent:0.0|#Level:Host,DeviceId:0|#hostname:DESKTOP-M930GPA,timestamp:1702299822
2023-12-11T14:03:42,595 - MemoryAvailable.Megabytes:4250.59375|#Level:Host|#hostname:DESKTOP-M930GPA,timestamp:1702299822
2023-12-11T14:03:42,595 - MemoryUsed.Megabytes:3059.24609375|#Level:Host|#hostname:DESKTOP-M930GPA,timestamp:1702299822
2023-12-11T14:03:42,595 - MemoryUtilization.Percent:44.4|#Level:Host|#hostname:DESKTOP-M930GPA,timestamp:1702299822
2023-12-11T14:04:42,547 - CPUUtilization.Percent:0.0|#Level:Host|#hostname:DESKTOP-M930GPA,timestamp:1702299882
2023-12-11T14:04:42,547 - DiskAvailable.Gigabytes:887.3741683959961|#Level:Host|#hostname:DESKTOP-M930GPA,timestamp:1702299882
2023-12-11T14:04:42,547 - DiskUsage.Gigabytes:68.26414108276367|#Level:Host|#hostname:DESKTOP-M930GPA,timestamp:1702299882
2023-12-11T14:04:42,547 - DiskUtilization.Percent:7.1|#Level:Host|#hostname:DESKTOP-M930GPA,timestamp:1702299882
2023-12-11T14:04:42,547 - GPUMemoryUtilization.Percent:2.9541015625|#Level:Host,DeviceId:0|#hostname:DESKTOP-M930GPA,timestamp:1702299882
2023-12-11T14:04:42,548 - GPUMemoryUsed.Megabytes:242.0|#Level:Host,DeviceId:0|#hostname:DESKTOP-M930GPA,timestamp:1702299882
2023-12-11T14:04:42,548 - GPUUtilization.Percent:0.0|#Level:Host,DeviceId:0|#hostname:DESKTOP-M930GPA,timestamp:1702299882
2023-12-11T14:04:42,548 - MemoryAvailable.Megabytes:4252.4375|#Level:Host|#hostname:DESKTOP-M930GPA,timestamp:1702299882
2023-12-11T14:04:42,548 - MemoryUsed.Megabytes:3057.30078125|#Level:Host|#hostname:DESKTOP-M930GPA,timestamp:1702299882
2023-12-11T14:04:42,548 - MemoryUtilization.Percent:44.4|#Level:Host|#hostname:DESKTOP-M930GPA,timestamp:1702299882
2023-12-11T14:05:42,481 - CPUUtilization.Percent:0.0|#Level:Host|#hostname:DESKTOP-M930GPA,timestamp:1702299942
2023-12-11T14:05:42,482 - DiskAvailable.Gigabytes:887.3741645812988|#Level:Host|#hostname:DESKTOP-M930GPA,timestamp:1702299942
2023-12-11T14:05:42,483 - DiskUsage.Gigabytes:68.26414489746094|#Level:Host|#hostname:DESKTOP-M930GPA,timestamp:1702299942
2023-12-11T14:05:42,483 - DiskUtilization.Percent:7.1|#Level:Host|#hostname:DESKTOP-M930GPA,timestamp:1702299942
2023-12-11T14:05:42,483 - GPUMemoryUtilization.Percent:2.9541015625|#Level:Host,DeviceId:0|#hostname:DESKTOP-M930GPA,timestamp:1702299942
2023-12-11T14:05:42,483 - GPUMemoryUsed.Megabytes:242.0|#Level:Host,DeviceId:0|#hostname:DESKTOP-M930GPA,timestamp:1702299942
2023-12-11T14:05:42,483 - GPUUtilization.Percent:0.0|#Level:Host,DeviceId:0|#hostname:DESKTOP-M930GPA,timestamp:1702299942
2023-12-11T14:05:42,484 - MemoryAvailable.Megabytes:4244.71484375|#Level:Host|#hostname:DESKTOP-M930GPA,timestamp:1702299942
2023-12-11T14:05:42,484 - MemoryUsed.Megabytes:3065.0625|#Level:Host|#hostname:DESKTOP-M930GPA,timestamp:1702299942
2023-12-11T14:05:42,484 - MemoryUtilization.Percent:44.5|#Level:Host|#hostname:DESKTOP-M930GPA,timestamp:1702299942
2023-12-11T14:06:42,690 - CPUUtilization.Percent:0.0|#Level:Host|#hostname:DESKTOP-M930GPA,timestamp:1702300002
2023-12-11T14:06:42,691 - DiskAvailable.Gigabytes:887.3741569519043|#Level:Host|#hostname:DESKTOP-M930GPA,timestamp:1702300002
2023-12-11T14:06:42,691 - DiskUsage.Gigabytes:68.26415252685547|#Level:Host|#hostname:DESKTOP-M930GPA,timestamp:1702300002
2023-12-11T14:06:42,692 - DiskUtilization.Percent:7.1|#Level:Host|#hostname:DESKTOP-M930GPA,timestamp:1702300002
2023-12-11T14:06:42,693 - GPUMemoryUtilization.Percent:2.9541015625|#Level:Host,DeviceId:0|#hostname:DESKTOP-M930GPA,timestamp:1702300002
2023-12-11T14:06:42,693 - GPUMemoryUsed.Megabytes:242.0|#Level:Host,DeviceId:0|#hostname:DESKTOP-M930GPA,timestamp:1702300002
2023-12-11T14:06:42,693 - GPUUtilization.Percent:0.0|#Level:Host,DeviceId:0|#hostname:DESKTOP-M930GPA,timestamp:1702300002
2023-12-11T14:06:42,694 - MemoryAvailable.Megabytes:4248.71484375|#Level:Host|#hostname:DESKTOP-M930GPA,timestamp:1702300002
2023-12-11T14:06:42,694 - MemoryUsed.Megabytes:3061.0625|#Level:Host|#hostname:DESKTOP-M930GPA,timestamp:1702300002
2023-12-11T14:06:42,694 - MemoryUtilization.Percent:44.4|#Level:Host|#hostname:DESKTOP-M930GPA,timestamp:1702300002
2023-12-11T14:07:43,109 - CPUUtilization.Percent:0.0|#Level:Host|#hostname:DESKTOP-M930GPA,timestamp:1702300063
2023-12-11T14:07:43,109 - DiskAvailable.Gigabytes:887.3741264343262|#Level:Host|#hostname:DESKTOP-M930GPA,timestamp:1702300063
2023-12-11T14:07:43,109 - DiskUsage.Gigabytes:68.2641830444336|#Level:Host|#hostname:DESKTOP-M930GPA,timestamp:1702300063
2023-12-11T14:07:43,109 - DiskUtilization.Percent:7.1|#Level:Host|#hostname:DESKTOP-M930GPA,timestamp:1702300063
2023-12-11T14:07:43,109 - GPUMemoryUtilization.Percent:2.9541015625|#Level:Host,DeviceId:0|#hostname:DESKTOP-M930GPA,timestamp:1702300063
2023-12-11T14:07:43,110 - GPUMemoryUsed.Megabytes:242.0|#Level:Host,DeviceId:0|#hostname:DESKTOP-M930GPA,timestamp:1702300063
2023-12-11T14:07:43,110 - GPUUtilization.Percent:0.0|#Level:Host,DeviceId:0|#hostname:DESKTOP-M930GPA,timestamp:1702300063
2023-12-11T14:07:43,110 - MemoryAvailable.Megabytes:4246.8359375|#Level:Host|#hostname:DESKTOP-M930GPA,timestamp:1702300063
2023-12-11T14:07:43,110 - MemoryUsed.Megabytes:3062.9375|#Level:Host|#hostname:DESKTOP-M930GPA,timestamp:1702300063
2023-12-11T14:07:43,110 - MemoryUtilization.Percent:44.4|#Level:Host|#hostname:DESKTOP-M930GPA,timestamp:1702300063
2023-12-11T14:08:41,437 - ts_inference_requests_total.Count:1.0|#model_name:CassavaModel,model_version:default|#hostname:DESKTOP-M930GPA,timestamp:1702300121
2023-12-11T14:08:41,563 - Requests2XX.Count:1.0|#Level:Host|#hostname:DESKTOP-M930GPA,timestamp:1702300121
2023-12-11T14:08:41,564 - ts_inference_latency_microseconds.Microseconds:125151.901|#model_name:CassavaModel,model_version:default|#hostname:DESKTOP-M930GPA,timestamp:1702300121
2023-12-11T14:08:41,564 - ts_queue_latency_microseconds.Microseconds:151.424|#model_name:CassavaModel,model_version:default|#hostname:DESKTOP-M930GPA,timestamp:1702300121
2023-12-11T14:08:41,564 - QueueTime.Milliseconds:0.0|#Level:Host|#hostname:DESKTOP-M930GPA,timestamp:1702300121
2023-12-11T14:08:41,565 - WorkerThreadTime.Milliseconds:3.0|#Level:Host|#hostname:DESKTOP-M930GPA,timestamp:1702300121
2023-12-11T14:08:42,707 - CPUUtilization.Percent:25.0|#Level:Host|#hostname:DESKTOP-M930GPA,timestamp:1702300122
2023-12-11T14:08:42,708 - DiskAvailable.Gigabytes:887.3741188049316|#Level:Host|#hostname:DESKTOP-M930GPA,timestamp:1702300122
2023-12-11T14:08:42,708 - DiskUsage.Gigabytes:68.26419067382812|#Level:Host|#hostname:DESKTOP-M930GPA,timestamp:1702300122
2023-12-11T14:08:42,708 - DiskUtilization.Percent:7.1|#Level:Host|#hostname:DESKTOP-M930GPA,timestamp:1702300122
2023-12-11T14:08:42,708 - GPUMemoryUtilization.Percent:3.1982421875|#Level:Host,DeviceId:0|#hostname:DESKTOP-M930GPA,timestamp:1702300122
2023-12-11T14:08:42,709 - GPUMemoryUsed.Megabytes:262.0|#Level:Host,DeviceId:0|#hostname:DESKTOP-M930GPA,timestamp:1702300122
2023-12-11T14:08:42,709 - GPUUtilization.Percent:0.0|#Level:Host,DeviceId:0|#hostname:DESKTOP-M930GPA,timestamp:1702300122
2023-12-11T14:08:42,709 - MemoryAvailable.Megabytes:4224.98828125|#Level:Host|#hostname:DESKTOP-M930GPA,timestamp:1702300122
2023-12-11T14:08:42,709 - MemoryUsed.Megabytes:3084.78515625|#Level:Host|#hostname:DESKTOP-M930GPA,timestamp:1702300122
2023-12-11T14:08:42,709 - MemoryUtilization.Percent:44.7|#Level:Host|#hostname:DESKTOP-M930GPA,timestamp:1702300122
2023-12-11T14:09:31,930 - Requests2XX.Count:1.0|#Level:Host|#hostname:DESKTOP-M930GPA,timestamp:1702300171
2023-12-11T14:09:42,722 - CPUUtilization.Percent:0.0|#Level:Host|#hostname:DESKTOP-M930GPA,timestamp:1702300182
2023-12-11T14:09:42,723 - DiskAvailable.Gigabytes:887.3741149902344|#Level:Host|#hostname:DESKTOP-M930GPA,timestamp:1702300182
2023-12-11T14:09:42,724 - DiskUsage.Gigabytes:68.26419448852539|#Level:Host|#hostname:DESKTOP-M930GPA,timestamp:1702300182
2023-12-11T14:09:42,724 - DiskUtilization.Percent:7.1|#Level:Host|#hostname:DESKTOP-M930GPA,timestamp:1702300182
2023-12-11T14:09:42,724 - GPUMemoryUtilization.Percent:3.1982421875|#Level:Host,DeviceId:0|#hostname:DESKTOP-M930GPA,timestamp:1702300182
2023-12-11T14:09:42,724 - GPUMemoryUsed.Megabytes:262.0|#Level:Host,DeviceId:0|#hostname:DESKTOP-M930GPA,timestamp:1702300182
2023-12-11T14:09:42,724 - GPUUtilization.Percent:0.0|#Level:Host,DeviceId:0|#hostname:DESKTOP-M930GPA,timestamp:1702300182
2023-12-11T14:09:42,725 - MemoryAvailable.Megabytes:4209.9375|#Level:Host|#hostname:DESKTOP-M930GPA,timestamp:1702300182
2023-12-11T14:09:42,725 - MemoryUsed.Megabytes:3099.8359375|#Level:Host|#hostname:DESKTOP-M930GPA,timestamp:1702300182
2023-12-11T14:09:42,725 - MemoryUtilization.Percent:44.9|#Level:Host|#hostname:DESKTOP-M930GPA,timestamp:1702300182
2023-12-11T14:10:42,786 - CPUUtilization.Percent:0.0|#Level:Host|#hostname:DESKTOP-M930GPA,timestamp:1702300242
2023-12-11T14:10:42,786 - DiskAvailable.Gigabytes:887.3741149902344|#Level:Host|#hostname:DESKTOP-M930GPA,timestamp:1702300242
2023-12-11T14:10:42,787 - DiskUsage.Gigabytes:68.26419448852539|#Level:Host|#hostname:DESKTOP-M930GPA,timestamp:1702300242
2023-12-11T14:10:42,787 - DiskUtilization.Percent:7.1|#Level:Host|#hostname:DESKTOP-M930GPA,timestamp:1702300242
2023-12-11T14:10:42,787 - GPUMemoryUtilization.Percent:3.1982421875|#Level:Host,DeviceId:0|#hostname:DESKTOP-M930GPA,timestamp:1702300242
2023-12-11T14:10:42,787 - GPUMemoryUsed.Megabytes:262.0|#Level:Host,DeviceId:0|#hostname:DESKTOP-M930GPA,timestamp:1702300242
2023-12-11T14:10:42,788 - GPUUtilization.Percent:0.0|#Level:Host,DeviceId:0|#hostname:DESKTOP-M930GPA,timestamp:1702300242
2023-12-11T14:10:42,788 - MemoryAvailable.Megabytes:4208.92578125|#Level:Host|#hostname:DESKTOP-M930GPA,timestamp:1702300242
2023-12-11T14:10:42,788 - MemoryUsed.Megabytes:3100.8359375|#Level:Host|#hostname:DESKTOP-M930GPA,timestamp:1702300242
2023-12-11T14:10:42,788 - MemoryUtilization.Percent:44.9|#Level:Host|#hostname:DESKTOP-M930GPA,timestamp:1702300242
